{"D:\\Coder\\mimo-radio\\backend\\src\\config.ts": {"path":"D:\\Coder\\mimo-radio\\backend\\src\\config.ts","statementMap":{"0":{"start":{"line":2,"column":0},"end":{"line":2,"column":null}},"1":{"start":{"line":4,"column":22},"end":{"line":49,"column":null}},"2":{"start":{"line":14,"column":53},"end":{"line":14,"column":61}}},"fnMap":{"0":{"name":"(anonymous_0)","decl":{"start":{"line":14,"column":42},"end":{"line":14,"column":47}},"loc":{"start":{"line":14,"column":53},"end":{"line":14,"column":61}},"line":14}},"branchMap":{"0":{"loc":{"start":{"line":5,"column":17},"end":{"line":5,"column":43}},"type":"binary-expr","locations":[{"start":{"line":5,"column":17},"end":{"line":5,"column":37}},{"start":{"line":5,"column":37},"end":{"line":5,"column":43}}],"line":5},"1":{"loc":{"start":{"line":6,"column":2},"end":{"line":6,"column":null}},"type":"binary-expr","locations":[{"start":{"line":6,"column":2},"end":{"line":6,"column":35}},{"start":{"line":6,"column":35},"end":{"line":6,"column":null}}],"line":6},"2":{"loc":{"start":{"line":9,"column":10},"end":{"line":9,"column":null}},"type":"binary-expr","locations":[{"start":{"line":9,"column":10},"end":{"line":9,"column":33}},{"start":{"line":9,"column":33},"end":{"line":9,"column":null}}],"line":9},"3":{"loc":{"start":{"line":10,"column":17},"end":{"line":10,"column":null}},"type":"binary-expr","locations":[{"start":{"line":10,"column":17},"end":{"line":10,"column":47}},{"start":{"line":10,"column":47},"end":{"line":10,"column":null}}],"line":10},"4":{"loc":{"start":{"line":13,"column":15},"end":{"line":15,"column":null}},"type":"cond-expr","locations":[{"start":{"line":14,"column":6},"end":{"line":14,"column":null}},{"start":{"line":15,"column":6},"end":{"line":15,"column":null}}],"line":13},"5":{"loc":{"start":{"line":18,"column":14},"end":{"line":18,"column":null}},"type":"binary-expr","locations":[{"start":{"line":18,"column":14},"end":{"line":18,"column":42}},{"start":{"line":18,"column":42},"end":{"line":18,"column":null}}],"line":18},"6":{"loc":{"start":{"line":19,"column":15},"end":{"line":19,"column":null}},"type":"binary-expr","locations":[{"start":{"line":19,"column":15},"end":{"line":19,"column":44}},{"start":{"line":19,"column":44},"end":{"line":19,"column":null}}],"line":19},"7":{"loc":{"start":{"line":20,"column":20},"end":{"line":20,"column":null}},"type":"binary-expr","locations":[{"start":{"line":20,"column":20},"end":{"line":20,"column":54}},{"start":{"line":20,"column":54},"end":{"line":20,"column":null}}],"line":20},"8":{"loc":{"start":{"line":23,"column":13},"end":{"line":23,"column":null}},"type":"binary-expr","locations":[{"start":{"line":23,"column":13},"end":{"line":23,"column":39}},{"start":{"line":23,"column":39},"end":{"line":23,"column":null}}],"line":23},"9":{"loc":{"start":{"line":24,"column":16},"end":{"line":24,"column":null}},"type":"binary-expr","locations":[{"start":{"line":24,"column":16},"end":{"line":24,"column":46}},{"start":{"line":24,"column":46},"end":{"line":24,"column":null}}],"line":24},"10":{"loc":{"start":{"line":25,"column":16},"end":{"line":25,"column":null}},"type":"binary-expr","locations":[{"start":{"line":25,"column":16},"end":{"line":25,"column":46}},{"start":{"line":25,"column":46},"end":{"line":25,"column":null}}],"line":25},"11":{"loc":{"start":{"line":26,"column":22},"end":{"line":26,"column":null}},"type":"binary-expr","locations":[{"start":{"line":26,"column":22},"end":{"line":26,"column":59}},{"start":{"line":26,"column":59},"end":{"line":26,"column":null}}],"line":26},"12":{"loc":{"start":{"line":27,"column":21},"end":{"line":27,"column":null}},"type":"binary-expr","locations":[{"start":{"line":27,"column":21},"end":{"line":27,"column":57}},{"start":{"line":27,"column":57},"end":{"line":27,"column":null}}],"line":27},"13":{"loc":{"start":{"line":28,"column":16},"end":{"line":28,"column":null}},"type":"binary-expr","locations":[{"start":{"line":28,"column":16},"end":{"line":28,"column":46}},{"start":{"line":28,"column":46},"end":{"line":28,"column":null}}],"line":28},"14":{"loc":{"start":{"line":31,"column":19},"end":{"line":31,"column":null}},"type":"binary-expr","locations":[{"start":{"line":31,"column":19},"end":{"line":31,"column":53}},{"start":{"line":31,"column":53},"end":{"line":31,"column":null}}],"line":31},"15":{"loc":{"start":{"line":32,"column":20},"end":{"line":32,"column":null}},"type":"binary-expr","locations":[{"start":{"line":32,"column":20},"end":{"line":32,"column":55}},{"start":{"line":32,"column":55},"end":{"line":32,"column":null}}],"line":32},"16":{"loc":{"start":{"line":35,"column":15},"end":{"line":35,"column":null}},"type":"binary-expr","locations":[{"start":{"line":35,"column":15},"end":{"line":35,"column":44}},{"start":{"line":35,"column":44},"end":{"line":35,"column":null}}],"line":35},"17":{"loc":{"start":{"line":36,"column":19},"end":{"line":36,"column":null}},"type":"binary-expr","locations":[{"start":{"line":36,"column":19},"end":{"line":36,"column":52}},{"start":{"line":36,"column":52},"end":{"line":36,"column":null}}],"line":36},"18":{"loc":{"start":{"line":39,"column":21},"end":{"line":39,"column":null}},"type":"binary-expr","locations":[{"start":{"line":39,"column":21},"end":{"line":39,"column":56}},{"start":{"line":39,"column":56},"end":{"line":39,"column":null}}],"line":39},"19":{"loc":{"start":{"line":40,"column":19},"end":{"line":40,"column":null}},"type":"binary-expr","locations":[{"start":{"line":40,"column":19},"end":{"line":40,"column":51}},{"start":{"line":40,"column":51},"end":{"line":40,"column":null}}],"line":40},"20":{"loc":{"start":{"line":41,"column":29},"end":{"line":41,"column":69}},"type":"binary-expr","locations":[{"start":{"line":41,"column":29},"end":{"line":41,"column":60}},{"start":{"line":41,"column":60},"end":{"line":41,"column":69}}],"line":41},"21":{"loc":{"start":{"line":42,"column":29},"end":{"line":42,"column":70}},"type":"binary-expr","locations":[{"start":{"line":42,"column":29},"end":{"line":42,"column":60}},{"start":{"line":42,"column":60},"end":{"line":42,"column":70}}],"line":42},"22":{"loc":{"start":{"line":45,"column":17},"end":{"line":45,"column":null}},"type":"binary-expr","locations":[{"start":{"line":45,"column":17},"end":{"line":45,"column":47}},{"start":{"line":45,"column":47},"end":{"line":45,"column":null}}],"line":45},"23":{"loc":{"start":{"line":48,"column":14},"end":{"line":48,"column":null}},"type":"binary-expr","locations":[{"start":{"line":48,"column":14},"end":{"line":48,"column":42}},{"start":{"line":48,"column":42},"end":{"line":48,"column":null}}],"line":48}},"s":{"0":13,"1":13,"2":0},"f":{"0":0},"b":{"0":[13,13],"1":[13,0],"2":[13,13],"3":[13,13],"4":[0,13],"5":[13,0],"6":[13,0],"7":[13,0],"8":[13,13],"9":[13,13],"10":[13,13],"11":[13,13],"12":[13,13],"13":[13,13],"14":[13,13],"15":[13,13],"16":[13,13],"17":[13,13],"18":[13,13],"19":[13,13],"20":[13,13],"21":[13,13],"22":[13,13],"23":[13,0]},"meta":{"lastBranch":24,"lastFunction":1,"lastStatement":3,"seen":{"s:2:0:2:Infinity":0,"s:4:22:49:Infinity":1,"b:5:17:5:37:5:37:5:43":0,"b:6:2:6:35:6:35:6:Infinity":1,"b:9:10:9:33:9:33:9:Infinity":2,"b:10:17:10:47:10:47:10:Infinity":3,"b:14:6:14:Infinity:15:6:15:Infinity":4,"f:14:42:14:47":0,"s:14:53:14:61":2,"b:18:14:18:42:18:42:18:Infinity":5,"b:19:15:19:44:19:44:19:Infinity":6,"b:20:20:20:54:20:54:20:Infinity":7,"b:23:13:23:39:23:39:23:Infinity":8,"b:24:16:24:46:24:46:24:Infinity":9,"b:25:16:25:46:25:46:25:Infinity":10,"b:26:22:26:59:26:59:26:Infinity":11,"b:27:21:27:57:27:57:27:Infinity":12,"b:28:16:28:46:28:46:28:Infinity":13,"b:31:19:31:53:31:53:31:Infinity":14,"b:32:20:32:55:32:55:32:Infinity":15,"b:35:15:35:44:35:44:35:Infinity":16,"b:36:19:36:52:36:52:36:Infinity":17,"b:39:21:39:56:39:56:39:Infinity":18,"b:40:19:40:51:40:51:40:Infinity":19,"b:41:29:41:60:41:60:41:69":20,"b:42:29:42:60:42:60:42:70":21,"b:45:17:45:47:45:47:45:Infinity":22,"b:48:14:48:42:48:42:48:Infinity":23}}}
,"D:\\Coder\\mimo-radio\\backend\\src\\constants.ts": {"path":"D:\\Coder\\mimo-radio\\backend\\src\\constants.ts","statementMap":{"0":{"start":{"line":8,"column":29},"end":{"line":8,"column":null}},"1":{"start":{"line":9,"column":37},"end":{"line":9,"column":null}},"2":{"start":{"line":10,"column":40},"end":{"line":10,"column":null}},"3":{"start":{"line":13,"column":28},"end":{"line":13,"column":null}},"4":{"start":{"line":14,"column":32},"end":{"line":14,"column":null}},"5":{"start":{"line":15,"column":45},"end":{"line":15,"column":null}},"6":{"start":{"line":18,"column":34},"end":{"line":18,"column":null}},"7":{"start":{"line":19,"column":38},"end":{"line":19,"column":null}},"8":{"start":{"line":20,"column":36},"end":{"line":20,"column":null}},"9":{"start":{"line":21,"column":41},"end":{"line":21,"column":null}},"10":{"start":{"line":22,"column":33},"end":{"line":22,"column":null}},"11":{"start":{"line":25,"column":39},"end":{"line":25,"column":null}},"12":{"start":{"line":26,"column":36},"end":{"line":26,"column":null}},"13":{"start":{"line":27,"column":37},"end":{"line":27,"column":null}},"14":{"start":{"line":28,"column":37},"end":{"line":28,"column":null}},"15":{"start":{"line":29,"column":31},"end":{"line":29,"column":null}},"16":{"start":{"line":30,"column":33},"end":{"line":30,"column":null}},"17":{"start":{"line":31,"column":37},"end":{"line":31,"column":null}},"18":{"start":{"line":34,"column":47},"end":{"line":34,"column":null}},"19":{"start":{"line":35,"column":33},"end":{"line":35,"column":null}},"20":{"start":{"line":38,"column":35},"end":{"line":41,"column":null}}},"fnMap":{},"branchMap":{},"s":{"0":8,"1":8,"2":8,"3":8,"4":8,"5":8,"6":8,"7":8,"8":8,"9":8,"10":8,"11":8,"12":8,"13":8,"14":8,"15":8,"16":8,"17":8,"18":8,"19":8,"20":8},"f":{},"b":{},"meta":{"lastBranch":0,"lastFunction":0,"lastStatement":21,"seen":{"s:8:29:8:Infinity":0,"s:9:37:9:Infinity":1,"s:10:40:10:Infinity":2,"s:13:28:13:Infinity":3,"s:14:32:14:Infinity":4,"s:15:45:15:Infinity":5,"s:18:34:18:Infinity":6,"s:19:38:19:Infinity":7,"s:20:36:20:Infinity":8,"s:21:41:21:Infinity":9,"s:22:33:22:Infinity":10,"s:25:39:25:Infinity":11,"s:26:36:26:Infinity":12,"s:27:37:27:Infinity":13,"s:28:37:28:Infinity":14,"s:29:31:29:Infinity":15,"s:30:33:30:Infinity":16,"s:31:37:31:Infinity":17,"s:34:47:34:Infinity":18,"s:35:33:35:Infinity":19,"s:38:35:41:Infinity":20}}}
,"D:\\Coder\\mimo-radio\\backend\\src\\db\\index.ts": {"path":"D:\\Coder\\mimo-radio\\backend\\src\\db\\index.ts","statementMap":{"0":{"start":{"line":7,"column":6},"end":{"line":7,"column":null}},"1":{"start":{"line":8,"column":6},"end":{"line":8,"column":null}},"2":{"start":{"line":11,"column":23},"end":{"line":11,"column":null}},"3":{"start":{"line":13,"column":28},"end":{"line":13,"column":null}},"4":{"start":{"line":15,"column":26},"end":{"line":15,"column":null}},"5":{"start":{"line":18,"column":2},"end":{"line":20,"column":null}},"6":{"start":{"line":19,"column":4},"end":{"line":19,"column":null}},"7":{"start":{"line":21,"column":2},"end":{"line":21,"column":null}},"8":{"start":{"line":26,"column":2},"end":{"line":29,"column":null}},"9":{"start":{"line":27,"column":4},"end":{"line":27,"column":null}},"10":{"start":{"line":28,"column":4},"end":{"line":28,"column":null}},"11":{"start":{"line":31,"column":2},"end":{"line":31,"column":null}},"12":{"start":{"line":32,"column":2},"end":{"line":32,"column":null}},"13":{"start":{"line":35,"column":2},"end":{"line":40,"column":null}},"14":{"start":{"line":43,"column":2},"end":{"line":54,"column":null}},"15":{"start":{"line":57,"column":2},"end":{"line":59,"column":null}},"16":{"start":{"line":62,"column":2},"end":{"line":67,"column":null}},"17":{"start":{"line":69,"column":2},"end":{"line":69,"column":null}},"18":{"start":{"line":75,"column":15},"end":{"line":75,"column":null}},"19":{"start":{"line":76,"column":2},"end":{"line":76,"column":null}},"20":{"start":{"line":76,"column":25},"end":{"line":76,"column":43}},"21":{"start":{"line":80,"column":13},"end":{"line":80,"column":null}},"22":{"start":{"line":81,"column":17},"end":{"line":81,"column":null}},"23":{"start":{"line":82,"column":2},"end":{"line":87,"column":null}},"24":{"start":{"line":83,"column":4},"end":{"line":83,"column":null}},"25":{"start":{"line":84,"column":4},"end":{"line":86,"column":null}},"26":{"start":{"line":85,"column":6},"end":{"line":85,"column":null}},"27":{"start":{"line":102,"column":2},"end":{"line":111,"column":null}},"28":{"start":{"line":115,"column":14},"end":{"line":117,"column":null}},"29":{"start":{"line":118,"column":2},"end":{"line":118,"column":null}},"30":{"start":{"line":118,"column":12},"end":{"line":118,"column":null}},"31":{"start":{"line":119,"column":2},"end":{"line":119,"column":null}},"32":{"start":{"line":123,"column":2},"end":{"line":125,"column":null}},"33":{"start":{"line":124,"column":4},"end":{"line":124,"column":null}},"34":{"start":{"line":126,"column":2},"end":{"line":141,"column":null}},"35":{"start":{"line":147,"column":14},"end":{"line":147,"column":null}},"36":{"start":{"line":148,"column":2},"end":{"line":148,"column":null}},"37":{"start":{"line":148,"column":12},"end":{"line":148,"column":null}},"38":{"start":{"line":149,"column":2},"end":{"line":149,"column":null}},"39":{"start":{"line":153,"column":2},"end":{"line":155,"column":null}},"40":{"start":{"line":161,"column":17},"end":{"line":161,"column":null}},"41":{"start":{"line":162,"column":17},"end":{"line":162,"column":null}},"42":{"start":{"line":163,"column":18},"end":{"line":163,"column":null}},"43":{"start":{"line":164,"column":2},"end":{"line":166,"column":null}},"44":{"start":{"line":165,"column":4},"end":{"line":165,"column":null}},"45":{"start":{"line":167,"column":2},"end":{"line":167,"column":null}},"46":{"start":{"line":171,"column":2},"end":{"line":176,"column":null}},"47":{"start":{"line":172,"column":4},"end":{"line":172,"column":null}},"48":{"start":{"line":173,"column":4},"end":{"line":173,"column":null}},"49":{"start":{"line":175,"column":4},"end":{"line":175,"column":null}},"50":{"start":{"line":180,"column":2},"end":{"line":180,"column":null}},"51":{"start":{"line":181,"column":2},"end":{"line":181,"column":null}},"52":{"start":{"line":182,"column":2},"end":{"line":182,"column":null}}},"fnMap":{"0":{"name":"getDb","decl":{"start":{"line":17,"column":9},"end":{"line":17,"column":27}},"loc":{"start":{"line":17,"column":27},"end":{"line":22,"column":null}},"line":17},"1":{"name":"initDb","decl":{"start":{"line":24,"column":16},"end":{"line":24,"column":25}},"loc":{"start":{"line":24,"column":25},"end":{"line":70,"column":null}},"line":24},"2":{"name":"getSongs","decl":{"start":{"line":74,"column":16},"end":{"line":74,"column":35}},"loc":{"start":{"line":74,"column":35},"end":{"line":77,"column":null}},"line":74},"3":{"name":"(anonymous_3)","decl":{"start":{"line":76,"column":14},"end":{"line":76,"column":19}},"loc":{"start":{"line":76,"column":25},"end":{"line":76,"column":43}},"line":76},"4":{"name":"setSongs","decl":{"start":{"line":79,"column":16},"end":{"line":79,"column":25}},"loc":{"start":{"line":79,"column":43},"end":{"line":88,"column":null}},"line":79},"5":{"name":"(anonymous_5)","decl":{"start":{"line":82,"column":5},"end":{"line":82,"column":23}},"loc":{"start":{"line":82,"column":23},"end":{"line":87,"column":3}},"line":82},"6":{"name":"rowToSession","decl":{"start":{"line":92,"column":9},"end":{"line":92,"column":22}},"loc":{"start":{"line":101,"column":17},"end":{"line":112,"column":null}},"line":101},"7":{"name":"getSession","decl":{"start":{"line":114,"column":16},"end":{"line":114,"column":27}},"loc":{"start":{"line":114,"column":65},"end":{"line":120,"column":null}},"line":114},"8":{"name":"setSession","decl":{"start":{"line":122,"column":16},"end":{"line":122,"column":27}},"loc":{"start":{"line":122,"column":87},"end":{"line":142,"column":null}},"line":122},"9":{"name":"getProfile","decl":{"start":{"line":146,"column":16},"end":{"line":146,"column":49}},"loc":{"start":{"line":146,"column":49},"end":{"line":150,"column":null}},"line":146},"10":{"name":"setProfile","decl":{"start":{"line":152,"column":16},"end":{"line":152,"column":27}},"loc":{"start":{"line":152,"column":43},"end":{"line":156,"column":null}},"line":152},"11":{"name":"cleanupExpiredSessions","decl":{"start":{"line":160,"column":9},"end":{"line":160,"column":42}},"loc":{"start":{"line":160,"column":42},"end":{"line":168,"column":null}},"line":160},"12":{"name":"checkDbHealth","decl":{"start":{"line":170,"column":16},"end":{"line":170,"column":41}},"loc":{"start":{"line":170,"column":41},"end":{"line":177,"column":null}},"line":170},"13":{"name":"startSessionCleanup","decl":{"start":{"line":179,"column":16},"end":{"line":179,"column":44}},"loc":{"start":{"line":179,"column":44},"end":{"line":183,"column":null}},"line":179}},"branchMap":{"0":{"loc":{"start":{"line":18,"column":2},"end":{"line":20,"column":null}},"type":"if","locations":[{"start":{"line":18,"column":2},"end":{"line":20,"column":null}},{"start":{},"end":{}}],"line":18},"1":{"loc":{"start":{"line":26,"column":2},"end":{"line":29,"column":null}},"type":"if","locations":[{"start":{"line":26,"column":2},"end":{"line":29,"column":null}},{"start":{},"end":{}}],"line":26},"2":{"loc":{"start":{"line":118,"column":2},"end":{"line":118,"column":null}},"type":"if","locations":[{"start":{"line":118,"column":2},"end":{"line":118,"column":null}},{"start":{},"end":{}}],"line":118},"3":{"loc":{"start":{"line":122,"column":62},"end":{"line":122,"column":87}},"type":"default-arg","locations":[{"start":{"line":122,"column":81},"end":{"line":122,"column":87}}],"line":122},"4":{"loc":{"start":{"line":123,"column":2},"end":{"line":125,"column":null}},"type":"if","locations":[{"start":{"line":123,"column":2},"end":{"line":125,"column":null}},{"start":{},"end":{}}],"line":123},"5":{"loc":{"start":{"line":136,"column":6},"end":{"line":136,"column":null}},"type":"cond-expr","locations":[{"start":{"line":136,"column":26},"end":{"line":136,"column":30}},{"start":{"line":136,"column":30},"end":{"line":136,"column":null}}],"line":136},"6":{"loc":{"start":{"line":148,"column":2},"end":{"line":148,"column":null}},"type":"if","locations":[{"start":{"line":148,"column":2},"end":{"line":148,"column":null}},{"start":{},"end":{}}],"line":148},"7":{"loc":{"start":{"line":164,"column":2},"end":{"line":166,"column":null}},"type":"if","locations":[{"start":{"line":164,"column":2},"end":{"line":166,"column":null}},{"start":{},"end":{}}],"line":164}},"s":{"0":4,"1":4,"2":4,"3":4,"4":4,"5":73,"6":0,"7":73,"8":9,"9":0,"10":0,"11":9,"12":9,"13":9,"14":9,"15":9,"16":9,"17":9,"18":1,"19":1,"20":1,"21":7,"22":7,"23":7,"24":7,"25":7,"26":1,"27":29,"28":30,"29":30,"30":1,"31":29,"32":32,"33":31,"34":32,"35":1,"36":1,"37":0,"38":1,"39":1,"40":1,"41":1,"42":1,"43":1,"44":1,"45":1,"46":0,"47":0,"48":0,"49":0,"50":1,"51":1,"52":1},"f":{"0":73,"1":9,"2":1,"3":1,"4":7,"5":7,"6":29,"7":30,"8":32,"9":1,"10":1,"11":1,"12":0,"13":1},"b":{"0":[0,73],"1":[0,9],"2":[1,29],"3":[32],"4":[31,1],"5":[7,25],"6":[0,1],"7":[1,0]},"meta":{"lastBranch":8,"lastFunction":14,"lastStatement":53,"seen":{"s:7:6:7:Infinity":0,"s:8:6:8:Infinity":1,"s:11:23:11:Infinity":2,"s:13:28:13:Infinity":3,"s:15:26:15:Infinity":4,"f:17:9:17:27":0,"b:18:2:20:Infinity:undefined:undefined:undefined:undefined":0,"s:18:2:20:Infinity":5,"s:19:4:19:Infinity":6,"s:21:2:21:Infinity":7,"f:24:16:24:25":1,"b:26:2:29:Infinity:undefined:undefined:undefined:undefined":1,"s:26:2:29:Infinity":8,"s:27:4:27:Infinity":9,"s:28:4:28:Infinity":10,"s:31:2:31:Infinity":11,"s:32:2:32:Infinity":12,"s:35:2:40:Infinity":13,"s:43:2:54:Infinity":14,"s:57:2:59:Infinity":15,"s:62:2:67:Infinity":16,"s:69:2:69:Infinity":17,"f:74:16:74:35":2,"s:75:15:75:Infinity":18,"s:76:2:76:Infinity":19,"f:76:14:76:19":3,"s:76:25:76:43":20,"f:79:16:79:25":4,"s:80:13:80:Infinity":21,"s:81:17:81:Infinity":22,"s:82:2:87:Infinity":23,"f:82:5:82:23":5,"s:83:4:83:Infinity":24,"s:84:4:86:Infinity":25,"s:85:6:85:Infinity":26,"f:92:9:92:22":6,"s:102:2:111:Infinity":27,"f:114:16:114:27":7,"s:115:14:117:Infinity":28,"b:118:2:118:Infinity:undefined:undefined:undefined:undefined":2,"s:118:2:118:Infinity":29,"s:118:12:118:Infinity":30,"s:119:2:119:Infinity":31,"f:122:16:122:27":8,"b:122:81:122:87":3,"b:123:2:125:Infinity:undefined:undefined:undefined:undefined":4,"s:123:2:125:Infinity":32,"s:124:4:124:Infinity":33,"s:126:2:141:Infinity":34,"b:136:26:136:30:136:30:136:Infinity":5,"f:146:16:146:49":9,"s:147:14:147:Infinity":35,"b:148:2:148:Infinity:undefined:undefined:undefined:undefined":6,"s:148:2:148:Infinity":36,"s:148:12:148:Infinity":37,"s:149:2:149:Infinity":38,"f:152:16:152:27":10,"s:153:2:155:Infinity":39,"f:160:9:160:42":11,"s:161:17:161:Infinity":40,"s:162:17:162:Infinity":41,"s:163:18:163:Infinity":42,"b:164:2:166:Infinity:undefined:undefined:undefined:undefined":7,"s:164:2:166:Infinity":43,"s:165:4:165:Infinity":44,"s:167:2:167:Infinity":45,"f:170:16:170:41":12,"s:171:2:176:Infinity":46,"s:172:4:172:Infinity":47,"s:173:4:173:Infinity":48,"s:175:4:175:Infinity":49,"f:179:16:179:44":13,"s:180:2:180:Infinity":50,"s:181:2:181:Infinity":51,"s:182:2:182:Infinity":52}}}
,"D:\\Coder\\mimo-radio\\backend\\src\\middleware\\auth.ts": {"path":"D:\\Coder\\mimo-radio\\backend\\src\\middleware\\auth.ts","statementMap":{"0":{"start":{"line":10,"column":15},"end":{"line":10,"column":null}},"1":{"start":{"line":11,"column":15},"end":{"line":11,"column":null}},"2":{"start":{"line":12,"column":2},"end":{"line":12,"column":null}},"3":{"start":{"line":12,"column":35},"end":{"line":12,"column":null}},"4":{"start":{"line":13,"column":2},"end":{"line":13,"column":null}},"5":{"start":{"line":24,"column":2},"end":{"line":32,"column":null}},"6":{"start":{"line":25,"column":4},"end":{"line":30,"column":null}},"7":{"start":{"line":26,"column":6},"end":{"line":29,"column":null}},"8":{"start":{"line":31,"column":4},"end":{"line":31,"column":null}},"9":{"start":{"line":34,"column":14},"end":{"line":34,"column":null}},"10":{"start":{"line":35,"column":2},"end":{"line":40,"column":null}},"11":{"start":{"line":36,"column":4},"end":{"line":39,"column":null}},"12":{"start":{"line":42,"column":2},"end":{"line":42,"column":null}}},"fnMap":{"0":{"name":"secureCompare","decl":{"start":{"line":9,"column":9},"end":{"line":9,"column":23}},"loc":{"start":{"line":9,"column":54},"end":{"line":14,"column":null}},"line":9},"1":{"name":"apiKeyAuth","decl":{"start":{"line":21,"column":16},"end":{"line":21,"column":27}},"loc":{"start":{"line":21,"column":76},"end":{"line":43,"column":null}},"line":21}},"branchMap":{"0":{"loc":{"start":{"line":12,"column":2},"end":{"line":12,"column":null}},"type":"if","locations":[{"start":{"line":12,"column":2},"end":{"line":12,"column":null}},{"start":{},"end":{}}],"line":12},"1":{"loc":{"start":{"line":24,"column":2},"end":{"line":32,"column":null}},"type":"if","locations":[{"start":{"line":24,"column":2},"end":{"line":32,"column":null}},{"start":{},"end":{}}],"line":24},"2":{"loc":{"start":{"line":25,"column":4},"end":{"line":30,"column":null}},"type":"if","locations":[{"start":{"line":25,"column":4},"end":{"line":30,"column":null}},{"start":{},"end":{}}],"line":25},"3":{"loc":{"start":{"line":35,"column":2},"end":{"line":40,"column":null}},"type":"if","locations":[{"start":{"line":35,"column":2},"end":{"line":40,"column":null}},{"start":{},"end":{}}],"line":35},"4":{"loc":{"start":{"line":35,"column":6},"end":{"line":35,"column":77}},"type":"binary-expr","locations":[{"start":{"line":35,"column":6},"end":{"line":35,"column":14}},{"start":{"line":35,"column":14},"end":{"line":35,"column":41}},{"start":{"line":35,"column":41},"end":{"line":35,"column":77}}],"line":35}},"s":{"0":2,"1":2,"2":2,"3":1,"4":1,"5":5,"6":1,"7":1,"8":0,"9":4,"10":4,"11":3,"12":1},"f":{"0":2,"1":5},"b":{"0":[1,1],"1":[1,4],"2":[1,0],"3":[3,1],"4":[4,3,2]},"meta":{"lastBranch":5,"lastFunction":2,"lastStatement":13,"seen":{"f:9:9:9:23":0,"s:10:15:10:Infinity":0,"s:11:15:11:Infinity":1,"b:12:2:12:Infinity:undefined:undefined:undefined:undefined":0,"s:12:2:12:Infinity":2,"s:12:35:12:Infinity":3,"s:13:2:13:Infinity":4,"f:21:16:21:27":1,"b:24:2:32:Infinity:undefined:undefined:undefined:undefined":1,"s:24:2:32:Infinity":5,"b:25:4:30:Infinity:undefined:undefined:undefined:undefined":2,"s:25:4:30:Infinity":6,"s:26:6:29:Infinity":7,"s:31:4:31:Infinity":8,"s:34:14:34:Infinity":9,"b:35:2:40:Infinity:undefined:undefined:undefined:undefined":3,"s:35:2:40:Infinity":10,"b:35:6:35:14:35:14:35:41:35:41:35:77":4,"s:36:4:39:Infinity":11,"s:42:2:42:Infinity":12}}}
,"D:\\Coder\\mimo-radio\\backend\\src\\middleware\\error.ts": {"path":"D:\\Coder\\mimo-radio\\backend\\src\\middleware\\error.ts","statementMap":{"0":{"start":{"line":6,"column":2},"end":{"line":6,"column":null}},"1":{"start":{"line":6,"column":28},"end":{"line":6,"column":null}},"2":{"start":{"line":7,"column":2},"end":{"line":7,"column":null}},"3":{"start":{"line":7,"column":31},"end":{"line":7,"column":null}},"4":{"start":{"line":8,"column":2},"end":{"line":8,"column":null}},"5":{"start":{"line":18,"column":8},"end":{"line":18,"column":null}},"6":{"start":{"line":19,"column":15},"end":{"line":19,"column":null}},"7":{"start":{"line":20,"column":17},"end":{"line":20,"column":null}},"8":{"start":{"line":22,"column":2},"end":{"line":35,"column":null}},"9":{"start":{"line":23,"column":4},"end":{"line":23,"column":null}},"10":{"start":{"line":24,"column":46},"end":{"line":30,"column":null}},"11":{"start":{"line":31,"column":4},"end":{"line":33,"column":null}},"12":{"start":{"line":32,"column":6},"end":{"line":32,"column":null}},"13":{"start":{"line":34,"column":4},"end":{"line":34,"column":null}},"14":{"start":{"line":37,"column":18},"end":{"line":37,"column":null}},"15":{"start":{"line":38,"column":2},"end":{"line":38,"column":null}},"16":{"start":{"line":40,"column":44},"end":{"line":46,"column":null}},"17":{"start":{"line":47,"column":2},"end":{"line":49,"column":null}},"18":{"start":{"line":48,"column":4},"end":{"line":48,"column":null}},"19":{"start":{"line":51,"column":2},"end":{"line":51,"column":null}}},"fnMap":{"0":{"name":"getErrorMessage","decl":{"start":{"line":5,"column":9},"end":{"line":5,"column":25}},"loc":{"start":{"line":5,"column":47},"end":{"line":9,"column":null}},"line":5},"1":{"name":"errorHandler","decl":{"start":{"line":11,"column":16},"end":{"line":11,"column":null}},"loc":{"start":{"line":16,"column":2},"end":{"line":52,"column":null}},"line":16}},"branchMap":{"0":{"loc":{"start":{"line":6,"column":2},"end":{"line":6,"column":null}},"type":"if","locations":[{"start":{"line":6,"column":2},"end":{"line":6,"column":null}},{"start":{},"end":{}}],"line":6},"1":{"loc":{"start":{"line":7,"column":2},"end":{"line":7,"column":null}},"type":"if","locations":[{"start":{"line":7,"column":2},"end":{"line":7,"column":null}},{"start":{},"end":{}}],"line":7},"2":{"loc":{"start":{"line":22,"column":2},"end":{"line":35,"column":null}},"type":"if","locations":[{"start":{"line":22,"column":2},"end":{"line":35,"column":null}},{"start":{},"end":{}}],"line":22},"3":{"loc":{"start":{"line":31,"column":4},"end":{"line":33,"column":null}},"type":"if","locations":[{"start":{"line":31,"column":4},"end":{"line":33,"column":null}},{"start":{},"end":{}}],"line":31},"4":{"loc":{"start":{"line":31,"column":8},"end":{"line":31,"column":28}},"type":"binary-expr","locations":[{"start":{"line":31,"column":8},"end":{"line":31,"column":17}},{"start":{"line":31,"column":17},"end":{"line":31,"column":28}}],"line":31},"5":{"loc":{"start":{"line":38,"column":66},"end":{"line":38,"column":111}},"type":"cond-expr","locations":[{"start":{"line":38,"column":89},"end":{"line":38,"column":101}},{"start":{"line":38,"column":101},"end":{"line":38,"column":111}}],"line":38},"6":{"loc":{"start":{"line":43,"column":15},"end":{"line":43,"column":null}},"type":"cond-expr","locations":[{"start":{"line":43,"column":23},"end":{"line":43,"column":33}},{"start":{"line":43,"column":33},"end":{"line":43,"column":null}}],"line":43},"7":{"loc":{"start":{"line":47,"column":2},"end":{"line":49,"column":null}},"type":"if","locations":[{"start":{"line":47,"column":2},"end":{"line":49,"column":null}},{"start":{},"end":{}}],"line":47},"8":{"loc":{"start":{"line":47,"column":6},"end":{"line":47,"column":50}},"type":"binary-expr","locations":[{"start":{"line":47,"column":6},"end":{"line":47,"column":15}},{"start":{"line":47,"column":15},"end":{"line":47,"column":39}},{"start":{"line":47,"column":39},"end":{"line":47,"column":50}}],"line":47}},"s":{"0":5,"1":3,"2":2,"3":2,"4":1,"5":6,"6":6,"7":6,"8":6,"9":1,"10":1,"11":1,"12":0,"13":1,"14":5,"15":5,"16":6,"17":6,"18":1,"19":5},"f":{"0":5,"1":6},"b":{"0":[3,2],"1":[1,1],"2":[1,5],"3":[0,1],"4":[1,0],"5":[3,2],"6":[1,4],"7":[1,5],"8":[6,1,1]},"meta":{"lastBranch":9,"lastFunction":2,"lastStatement":20,"seen":{"f:5:9:5:25":0,"b:6:2:6:Infinity:undefined:undefined:undefined:undefined":0,"s:6:2:6:Infinity":0,"s:6:28:6:Infinity":1,"b:7:2:7:Infinity:undefined:undefined:undefined:undefined":1,"s:7:2:7:Infinity":2,"s:7:31:7:Infinity":3,"s:8:2:8:Infinity":4,"f:11:16:11:Infinity":1,"s:18:8:18:Infinity":5,"s:19:15:19:Infinity":6,"s:20:17:20:Infinity":7,"b:22:2:35:Infinity:undefined:undefined:undefined:undefined":2,"s:22:2:35:Infinity":8,"s:23:4:23:Infinity":9,"s:24:46:30:Infinity":10,"b:31:4:33:Infinity:undefined:undefined:undefined:undefined":3,"s:31:4:33:Infinity":11,"b:31:8:31:17:31:17:31:28":4,"s:32:6:32:Infinity":12,"s:34:4:34:Infinity":13,"s:37:18:37:Infinity":14,"s:38:2:38:Infinity":15,"b:38:89:38:101:38:101:38:111":5,"s:40:44:46:Infinity":16,"b:43:23:43:33:43:33:43:Infinity":6,"b:47:2:49:Infinity:undefined:undefined:undefined:undefined":7,"s:47:2:49:Infinity":17,"b:47:6:47:15:47:15:47:39:47:39:47:50":8,"s:48:4:48:Infinity":18,"s:51:2:51:Infinity":19}}}
,"D:\\Coder\\mimo-radio\\backend\\src\\middleware\\requestId.ts": {"path":"D:\\Coder\\mimo-radio\\backend\\src\\middleware\\requestId.ts","statementMap":{"0":{"start":{"line":10,"column":14},"end":{"line":10,"column":null}},"1":{"start":{"line":13,"column":2},"end":{"line":13,"column":null}},"2":{"start":{"line":16,"column":3},"end":{"line":16,"column":null}},"3":{"start":{"line":18,"column":2},"end":{"line":18,"column":null}}},"fnMap":{"0":{"name":"requestId","decl":{"start":{"line":9,"column":16},"end":{"line":9,"column":26}},"loc":{"start":{"line":9,"column":75},"end":{"line":19,"column":null}},"line":9}},"branchMap":{"0":{"loc":{"start":{"line":10,"column":14},"end":{"line":10,"column":null}},"type":"binary-expr","locations":[{"start":{"line":10,"column":14},"end":{"line":10,"column":56}},{"start":{"line":10,"column":26},"end":{"line":10,"column":null}}],"line":10}},"s":{"0":3,"1":3,"2":3,"3":3},"f":{"0":3},"b":{"0":[3,2]},"meta":{"lastBranch":1,"lastFunction":1,"lastStatement":4,"seen":{"f:9:16:9:26":0,"s:10:14:10:Infinity":0,"b:10:14:10:56:10:26:10:Infinity":0,"s:13:2:13:Infinity":1,"s:16:3:16:Infinity":2,"s:18:2:18:Infinity":3}}}
,"D:\\Coder\\mimo-radio\\backend\\src\\middleware\\sessionAuth.ts": {"path":"D:\\Coder\\mimo-radio\\backend\\src\\middleware\\sessionAuth.ts","statementMap":{"0":{"start":{"line":15,"column":5},"end":{"line":17,"column":null}},"1":{"start":{"line":19,"column":2},"end":{"line":24,"column":null}},"2":{"start":{"line":20,"column":4},"end":{"line":23,"column":null}},"3":{"start":{"line":26,"column":8},"end":{"line":26,"column":null}},"4":{"start":{"line":27,"column":2},"end":{"line":32,"column":null}},"5":{"start":{"line":28,"column":4},"end":{"line":31,"column":null}},"6":{"start":{"line":35,"column":3},"end":{"line":35,"column":null}},"7":{"start":{"line":36,"column":2},"end":{"line":36,"column":null}}},"fnMap":{"0":{"name":"sessionAuth","decl":{"start":{"line":13,"column":16},"end":{"line":13,"column":28}},"loc":{"start":{"line":13,"column":77},"end":{"line":37,"column":null}},"line":13}},"branchMap":{"0":{"loc":{"start":{"line":15,"column":5},"end":{"line":17,"column":null}},"type":"binary-expr","locations":[{"start":{"line":15,"column":5},"end":{"line":15,"column":null}},{"start":{"line":16,"column":4},"end":{"line":16,"column":null}},{"start":{"line":17,"column":4},"end":{"line":17,"column":null}}],"line":15},"1":{"loc":{"start":{"line":19,"column":2},"end":{"line":24,"column":null}},"type":"if","locations":[{"start":{"line":19,"column":2},"end":{"line":24,"column":null}},{"start":{},"end":{}}],"line":19},"2":{"loc":{"start":{"line":19,"column":6},"end":{"line":19,"column":43}},"type":"binary-expr","locations":[{"start":{"line":19,"column":6},"end":{"line":19,"column":16}},{"start":{"line":19,"column":16},"end":{"line":19,"column":43}}],"line":19},"3":{"loc":{"start":{"line":27,"column":2},"end":{"line":32,"column":null}},"type":"if","locations":[{"start":{"line":27,"column":2},"end":{"line":32,"column":null}},{"start":{},"end":{}}],"line":27}},"s":{"0":28,"1":28,"2":1,"3":27,"4":27,"5":2,"6":25,"7":25},"f":{"0":28},"b":{"0":[28,3,2],"1":[1,27],"2":[28,27],"3":[2,25]},"meta":{"lastBranch":4,"lastFunction":1,"lastStatement":8,"seen":{"f:13:16:13:28":0,"s:15:5:17:Infinity":0,"b:15:5:15:Infinity:16:4:16:Infinity:17:4:17:Infinity":0,"b:19:2:24:Infinity:undefined:undefined:undefined:undefined":1,"s:19:2:24:Infinity":1,"b:19:6:19:16:19:16:19:43":2,"s:20:4:23:Infinity":2,"s:26:8:26:Infinity":3,"b:27:2:32:Infinity:undefined:undefined:undefined:undefined":3,"s:27:2:32:Infinity":4,"s:28:4:31:Infinity":5,"s:35:3:35:Infinity":6,"s:36:2:36:Infinity":7}}}
,"D:\\Coder\\mimo-radio\\backend\\src\\middleware\\validate.ts": {"path":"D:\\Coder\\mimo-radio\\backend\\src\\middleware\\validate.ts","statementMap":{"0":{"start":{"line":5,"column":2},"end":{"line":16,"column":null}},"1":{"start":{"line":6,"column":19},"end":{"line":6,"column":null}},"2":{"start":{"line":7,"column":4},"end":{"line":13,"column":null}},"3":{"start":{"line":8,"column":21},"end":{"line":8,"column":null}},"4":{"start":{"line":8,"column":52},"end":{"line":8,"column":87}},"5":{"start":{"line":9,"column":6},"end":{"line":12,"column":null}},"6":{"start":{"line":14,"column":4},"end":{"line":14,"column":null}},"7":{"start":{"line":15,"column":4},"end":{"line":15,"column":null}},"8":{"start":{"line":20,"column":2},"end":{"line":31,"column":null}},"9":{"start":{"line":21,"column":19},"end":{"line":21,"column":null}},"10":{"start":{"line":22,"column":4},"end":{"line":28,"column":null}},"11":{"start":{"line":23,"column":21},"end":{"line":23,"column":null}},"12":{"start":{"line":23,"column":52},"end":{"line":23,"column":87}},"13":{"start":{"line":24,"column":6},"end":{"line":27,"column":null}},"14":{"start":{"line":29,"column":4},"end":{"line":29,"column":null}},"15":{"start":{"line":30,"column":4},"end":{"line":30,"column":null}},"16":{"start":{"line":35,"column":2},"end":{"line":46,"column":null}},"17":{"start":{"line":36,"column":19},"end":{"line":36,"column":null}},"18":{"start":{"line":37,"column":4},"end":{"line":43,"column":null}},"19":{"start":{"line":38,"column":21},"end":{"line":38,"column":null}},"20":{"start":{"line":38,"column":52},"end":{"line":38,"column":87}},"21":{"start":{"line":39,"column":6},"end":{"line":42,"column":null}},"22":{"start":{"line":44,"column":4},"end":{"line":44,"column":null}},"23":{"start":{"line":45,"column":4},"end":{"line":45,"column":null}}},"fnMap":{"0":{"name":"validateBody","decl":{"start":{"line":4,"column":16},"end":{"line":4,"column":32}},"loc":{"start":{"line":4,"column":54},"end":{"line":17,"column":null}},"line":4},"1":{"name":"(anonymous_1)","decl":{"start":{"line":5,"column":2},"end":{"line":5,"column":10}},"loc":{"start":{"line":5,"column":62},"end":{"line":16,"column":null}},"line":5},"2":{"name":"(anonymous_2)","decl":{"start":{"line":8,"column":41},"end":{"line":8,"column":46}},"loc":{"start":{"line":8,"column":52},"end":{"line":8,"column":87}},"line":8},"3":{"name":"validateParams","decl":{"start":{"line":19,"column":16},"end":{"line":19,"column":34}},"loc":{"start":{"line":19,"column":56},"end":{"line":32,"column":null}},"line":19},"4":{"name":"(anonymous_4)","decl":{"start":{"line":20,"column":2},"end":{"line":20,"column":10}},"loc":{"start":{"line":20,"column":62},"end":{"line":31,"column":null}},"line":20},"5":{"name":"(anonymous_5)","decl":{"start":{"line":23,"column":41},"end":{"line":23,"column":46}},"loc":{"start":{"line":23,"column":52},"end":{"line":23,"column":87}},"line":23},"6":{"name":"validateQuery","decl":{"start":{"line":34,"column":16},"end":{"line":34,"column":33}},"loc":{"start":{"line":34,"column":55},"end":{"line":47,"column":null}},"line":34},"7":{"name":"(anonymous_7)","decl":{"start":{"line":35,"column":2},"end":{"line":35,"column":10}},"loc":{"start":{"line":35,"column":62},"end":{"line":46,"column":null}},"line":35},"8":{"name":"(anonymous_8)","decl":{"start":{"line":38,"column":41},"end":{"line":38,"column":46}},"loc":{"start":{"line":38,"column":52},"end":{"line":38,"column":87}},"line":38}},"branchMap":{"0":{"loc":{"start":{"line":7,"column":4},"end":{"line":13,"column":null}},"type":"if","locations":[{"start":{"line":7,"column":4},"end":{"line":13,"column":null}},{"start":{},"end":{}}],"line":7},"1":{"loc":{"start":{"line":22,"column":4},"end":{"line":28,"column":null}},"type":"if","locations":[{"start":{"line":22,"column":4},"end":{"line":28,"column":null}},{"start":{},"end":{}}],"line":22},"2":{"loc":{"start":{"line":37,"column":4},"end":{"line":43,"column":null}},"type":"if","locations":[{"start":{"line":37,"column":4},"end":{"line":43,"column":null}},{"start":{},"end":{}}],"line":37}},"s":{"0":13,"1":31,"2":31,"3":3,"4":3,"5":3,"6":28,"7":28,"8":1,"9":2,"10":2,"11":1,"12":1,"13":1,"14":1,"15":1,"16":1,"17":3,"18":3,"19":2,"20":2,"21":2,"22":1,"23":1},"f":{"0":13,"1":31,"2":3,"3":1,"4":2,"5":1,"6":1,"7":3,"8":2},"b":{"0":[3,28],"1":[1,1],"2":[2,1]},"meta":{"lastBranch":3,"lastFunction":9,"lastStatement":24,"seen":{"f:4:16:4:32":0,"s:5:2:16:Infinity":0,"f:5:2:5:10":1,"s:6:19:6:Infinity":1,"b:7:4:13:Infinity:undefined:undefined:undefined:undefined":0,"s:7:4:13:Infinity":2,"s:8:21:8:Infinity":3,"f:8:41:8:46":2,"s:8:52:8:87":4,"s:9:6:12:Infinity":5,"s:14:4:14:Infinity":6,"s:15:4:15:Infinity":7,"f:19:16:19:34":3,"s:20:2:31:Infinity":8,"f:20:2:20:10":4,"s:21:19:21:Infinity":9,"b:22:4:28:Infinity:undefined:undefined:undefined:undefined":1,"s:22:4:28:Infinity":10,"s:23:21:23:Infinity":11,"f:23:41:23:46":5,"s:23:52:23:87":12,"s:24:6:27:Infinity":13,"s:29:4:29:Infinity":14,"s:30:4:30:Infinity":15,"f:34:16:34:33":6,"s:35:2:46:Infinity":16,"f:35:2:35:10":7,"s:36:19:36:Infinity":17,"b:37:4:43:Infinity:undefined:undefined:undefined:undefined":2,"s:37:4:43:Infinity":18,"s:38:21:38:Infinity":19,"f:38:41:38:46":8,"s:38:52:38:87":20,"s:39:6:42:Infinity":21,"s:44:4:44:Infinity":22,"s:45:4:45:Infinity":23}}}
,"D:\\Coder\\mimo-radio\\backend\\src\\mockData\\songs.ts": {"path":"D:\\Coder\\mimo-radio\\backend\\src\\mockData\\songs.ts","statementMap":{"0":{"start":{"line":3,"column":34},"end":{"line":114,"column":null}}},"fnMap":{},"branchMap":{},"s":{"0":5},"f":{},"b":{},"meta":{"lastBranch":0,"lastFunction":0,"lastStatement":1,"seen":{"s:3:34:114:Infinity":0}}}
,"D:\\Coder\\mimo-radio\\backend\\src\\routes\\radio.ts": {"path":"D:\\Coder\\mimo-radio\\backend\\src\\routes\\radio.ts","statementMap":{"0":{"start":{"line":22,"column":6},"end":{"line":22,"column":null}},"1":{"start":{"line":25,"column":18},"end":{"line":25,"column":null}},"2":{"start":{"line":27,"column":2},"end":{"line":30,"column":null}},"3":{"start":{"line":28,"column":4},"end":{"line":28,"column":null}},"4":{"start":{"line":29,"column":4},"end":{"line":29,"column":null}},"5":{"start":{"line":37,"column":2},"end":{"line":40,"column":null}},"6":{"start":{"line":39,"column":4},"end":{"line":39,"column":null}},"7":{"start":{"line":41,"column":13},"end":{"line":41,"column":null}},"8":{"start":{"line":43,"column":2},"end":{"line":43,"column":null}},"9":{"start":{"line":46,"column":21},"end":{"line":51,"column":null}},"10":{"start":{"line":53,"column":19},"end":{"line":55,"column":null}},"11":{"start":{"line":57,"column":23},"end":{"line":59,"column":null}},"12":{"start":{"line":61,"column":19},"end":{"line":64,"column":null}},"13":{"start":{"line":66,"column":23},"end":{"line":69,"column":null}},"14":{"start":{"line":91,"column":0},"end":{"line":93,"column":null}},"15":{"start":{"line":92,"column":2},"end":{"line":92,"column":null}},"16":{"start":{"line":96,"column":0},"end":{"line":177,"column":null}},"17":{"start":{"line":97,"column":2},"end":{"line":176,"column":null}},"18":{"start":{"line":98,"column":4},"end":{"line":98,"column":null}},"19":{"start":{"line":99,"column":52},"end":{"line":99,"column":null}},"20":{"start":{"line":102,"column":4},"end":{"line":108,"column":null}},"21":{"start":{"line":103,"column":23},"end":{"line":103,"column":null}},"22":{"start":{"line":104,"column":6},"end":{"line":104,"column":null}},"23":{"start":{"line":105,"column":6},"end":{"line":105,"column":null}},"24":{"start":{"line":107,"column":6},"end":{"line":107,"column":null}},"25":{"start":{"line":110,"column":10},"end":{"line":110,"column":null}},"26":{"start":{"line":113,"column":44},"end":{"line":116,"column":null}},"27":{"start":{"line":117,"column":20},"end":{"line":117,"column":null}},"28":{"start":{"line":118,"column":21},"end":{"line":118,"column":null}},"29":{"start":{"line":119,"column":16},"end":{"line":119,"column":null}},"30":{"start":{"line":120,"column":20},"end":{"line":120,"column":null}},"31":{"start":{"line":123,"column":24},"end":{"line":123,"column":null}},"32":{"start":{"line":124,"column":22},"end":{"line":124,"column":null}},"33":{"start":{"line":125,"column":4},"end":{"line":131,"column":null}},"34":{"start":{"line":126,"column":12},"end":{"line":126,"column":null}},"35":{"start":{"line":127,"column":6},"end":{"line":130,"column":null}},"36":{"start":{"line":128,"column":8},"end":{"line":128,"column":null}},"37":{"start":{"line":129,"column":8},"end":{"line":129,"column":null}},"38":{"start":{"line":133,"column":20},"end":{"line":139,"column":null}},"39":{"start":{"line":142,"column":10},"end":{"line":142,"column":null}},"40":{"start":{"line":145,"column":4},"end":{"line":162,"column":null}},"41":{"start":{"line":146,"column":6},"end":{"line":161,"column":null}},"42":{"start":{"line":147,"column":22},"end":{"line":147,"column":null}},"43":{"start":{"line":148,"column":8},"end":{"line":153,"column":null}},"44":{"start":{"line":155,"column":8},"end":{"line":160,"column":null}},"45":{"start":{"line":164,"column":4},"end":{"line":164,"column":null}},"46":{"start":{"line":166,"column":4},"end":{"line":173,"column":null}},"47":{"start":{"line":175,"column":4},"end":{"line":175,"column":null}},"48":{"start":{"line":180,"column":0},"end":{"line":241,"column":null}},"49":{"start":{"line":181,"column":2},"end":{"line":240,"column":null}},"50":{"start":{"line":182,"column":22},"end":{"line":182,"column":null}},"51":{"start":{"line":183,"column":10},"end":{"line":183,"column":null}},"52":{"start":{"line":185,"column":22},"end":{"line":185,"column":null}},"53":{"start":{"line":186,"column":10},"end":{"line":186,"column":null}},"54":{"start":{"line":187,"column":4},"end":{"line":192,"column":null}},"55":{"start":{"line":188,"column":6},"end":{"line":191,"column":null}},"56":{"start":{"line":195,"column":4},"end":{"line":202,"column":null}},"57":{"start":{"line":196,"column":6},"end":{"line":201,"column":null}},"58":{"start":{"line":204,"column":4},"end":{"line":204,"column":null}},"59":{"start":{"line":207,"column":17},"end":{"line":207,"column":null}},"60":{"start":{"line":208,"column":17},"end":{"line":208,"column":null}},"61":{"start":{"line":209,"column":21},"end":{"line":209,"column":null}},"62":{"start":{"line":211,"column":4},"end":{"line":228,"column":null}},"63":{"start":{"line":212,"column":6},"end":{"line":227,"column":null}},"64":{"start":{"line":213,"column":8},"end":{"line":213,"column":null}},"65":{"start":{"line":214,"column":8},"end":{"line":219,"column":null}},"66":{"start":{"line":221,"column":8},"end":{"line":226,"column":null}},"67":{"start":{"line":230,"column":4},"end":{"line":230,"column":null}},"68":{"start":{"line":232,"column":4},"end":{"line":237,"column":null}},"69":{"start":{"line":239,"column":4},"end":{"line":239,"column":null}},"70":{"start":{"line":244,"column":0},"end":{"line":435,"column":null}},"71":{"start":{"line":245,"column":2},"end":{"line":434,"column":null}},"72":{"start":{"line":246,"column":28},"end":{"line":246,"column":null}},"73":{"start":{"line":247,"column":10},"end":{"line":247,"column":null}},"74":{"start":{"line":249,"column":22},"end":{"line":249,"column":null}},"75":{"start":{"line":250,"column":10},"end":{"line":250,"column":null}},"76":{"start":{"line":251,"column":4},"end":{"line":256,"column":null}},"77":{"start":{"line":252,"column":6},"end":{"line":255,"column":null}},"78":{"start":{"line":259,"column":10},"end":{"line":259,"column":null}},"79":{"start":{"line":262,"column":4},"end":{"line":267,"column":null}},"80":{"start":{"line":270,"column":71},"end":{"line":273,"column":null}},"81":{"start":{"line":270,"column":98},"end":{"line":273,"column":6}},"82":{"start":{"line":276,"column":24},"end":{"line":276,"column":null}},"83":{"start":{"line":277,"column":24},"end":{"line":279,"column":null}},"84":{"start":{"line":281,"column":25},"end":{"line":308,"column":null}},"85":{"start":{"line":311,"column":10},"end":{"line":311,"column":null}},"86":{"start":{"line":313,"column":21},"end":{"line":317,"column":null}},"87":{"start":{"line":319,"column":16},"end":{"line":319,"column":null}},"88":{"start":{"line":320,"column":4},"end":{"line":324,"column":null}},"89":{"start":{"line":321,"column":6},"end":{"line":321,"column":null}},"90":{"start":{"line":323,"column":6},"end":{"line":323,"column":null}},"91":{"start":{"line":327,"column":4},"end":{"line":332,"column":null}},"92":{"start":{"line":335,"column":32},"end":{"line":335,"column":null}},"93":{"start":{"line":336,"column":36},"end":{"line":336,"column":null}},"94":{"start":{"line":337,"column":36},"end":{"line":337,"column":null}},"95":{"start":{"line":338,"column":55},"end":{"line":338,"column":null}},"96":{"start":{"line":340,"column":4},"end":{"line":389,"column":null}},"97":{"start":{"line":341,"column":20},"end":{"line":341,"column":null}},"98":{"start":{"line":342,"column":6},"end":{"line":364,"column":null}},"99":{"start":{"line":343,"column":8},"end":{"line":343,"column":null}},"100":{"start":{"line":344,"column":8},"end":{"line":344,"column":null}},"101":{"start":{"line":346,"column":8},"end":{"line":363,"column":null}},"102":{"start":{"line":347,"column":24},"end":{"line":347,"column":null}},"103":{"start":{"line":348,"column":27},"end":{"line":348,"column":null}},"104":{"start":{"line":348,"column":45},"end":{"line":348,"column":54}},"105":{"start":{"line":349,"column":10},"end":{"line":353,"column":null}},"106":{"start":{"line":350,"column":12},"end":{"line":350,"column":null}},"107":{"start":{"line":352,"column":12},"end":{"line":352,"column":null}},"108":{"start":{"line":355,"column":10},"end":{"line":360,"column":null}},"109":{"start":{"line":355,"column":61},"end":{"line":360,"column":12}},"110":{"start":{"line":362,"column":10},"end":{"line":362,"column":null}},"111":{"start":{"line":365,"column":11},"end":{"line":389,"column":null}},"112":{"start":{"line":366,"column":20},"end":{"line":366,"column":null}},"113":{"start":{"line":367,"column":6},"end":{"line":370,"column":null}},"114":{"start":{"line":368,"column":8},"end":{"line":368,"column":null}},"115":{"start":{"line":369,"column":8},"end":{"line":369,"column":null}},"116":{"start":{"line":371,"column":11},"end":{"line":389,"column":null}},"117":{"start":{"line":372,"column":20},"end":{"line":372,"column":null}},"118":{"start":{"line":373,"column":6},"end":{"line":388,"column":null}},"119":{"start":{"line":374,"column":8},"end":{"line":374,"column":null}},"120":{"start":{"line":375,"column":8},"end":{"line":375,"column":null}},"121":{"start":{"line":377,"column":8},"end":{"line":387,"column":null}},"122":{"start":{"line":378,"column":24},"end":{"line":378,"column":null}},"123":{"start":{"line":379,"column":10},"end":{"line":384,"column":null}},"124":{"start":{"line":379,"column":61},"end":{"line":384,"column":12}},"125":{"start":{"line":386,"column":10},"end":{"line":386,"column":null}},"126":{"start":{"line":393,"column":4},"end":{"line":409,"column":null}},"127":{"start":{"line":394,"column":6},"end":{"line":408,"column":null}},"128":{"start":{"line":395,"column":22},"end":{"line":395,"column":null}},"129":{"start":{"line":396,"column":8},"end":{"line":405,"column":null}},"130":{"start":{"line":397,"column":10},"end":{"line":397,"column":null}},"131":{"start":{"line":398,"column":10},"end":{"line":398,"column":null}},"132":{"start":{"line":399,"column":10},"end":{"line":404,"column":null}},"133":{"start":{"line":399,"column":61},"end":{"line":404,"column":12}},"134":{"start":{"line":407,"column":8},"end":{"line":407,"column":null}},"135":{"start":{"line":412,"column":25},"end":{"line":412,"column":null}},"136":{"start":{"line":413,"column":4},"end":{"line":413,"column":null}},"137":{"start":{"line":415,"column":4},"end":{"line":415,"column":null}},"138":{"start":{"line":417,"column":35},"end":{"line":423,"column":null}},"139":{"start":{"line":424,"column":4},"end":{"line":426,"column":null}},"140":{"start":{"line":425,"column":6},"end":{"line":425,"column":null}},"141":{"start":{"line":427,"column":4},"end":{"line":429,"column":null}},"142":{"start":{"line":428,"column":6},"end":{"line":428,"column":null}},"143":{"start":{"line":431,"column":4},"end":{"line":431,"column":null}},"144":{"start":{"line":433,"column":4},"end":{"line":433,"column":null}},"145":{"start":{"line":438,"column":0},"end":{"line":455,"column":null}},"146":{"start":{"line":439,"column":20},"end":{"line":439,"column":null}},"147":{"start":{"line":440,"column":8},"end":{"line":440,"column":null}},"148":{"start":{"line":441,"column":2},"end":{"line":446,"column":null}},"149":{"start":{"line":442,"column":4},"end":{"line":445,"column":null}},"150":{"start":{"line":448,"column":29},"end":{"line":448,"column":null}},"151":{"start":{"line":449,"column":22},"end":{"line":449,"column":null}},"152":{"start":{"line":452,"column":2},"end":{"line":452,"column":null}},"153":{"start":{"line":454,"column":2},"end":{"line":454,"column":null}},"154":{"start":{"line":458,"column":0},"end":{"line":472,"column":null}},"155":{"start":{"line":459,"column":20},"end":{"line":459,"column":null}},"156":{"start":{"line":460,"column":8},"end":{"line":460,"column":null}},"157":{"start":{"line":461,"column":2},"end":{"line":466,"column":null}},"158":{"start":{"line":462,"column":4},"end":{"line":465,"column":null}},"159":{"start":{"line":468,"column":2},"end":{"line":471,"column":null}},"160":{"start":{"line":475,"column":0},"end":{"line":477,"column":null}},"161":{"start":{"line":476,"column":2},"end":{"line":476,"column":null}}},"fnMap":{"0":{"name":"ensureSongsLoaded","decl":{"start":{"line":26,"column":9},"end":{"line":26,"column":29}},"loc":{"start":{"line":26,"column":29},"end":{"line":31,"column":null}},"line":26},"1":{"name":"moodToKeywords","decl":{"start":{"line":36,"column":9},"end":{"line":36,"column":24}},"loc":{"start":{"line":36,"column":49},"end":{"line":44,"column":null}},"line":36},"2":{"name":"(anonymous_2)","decl":{"start":{"line":91,"column":11},"end":{"line":91,"column":23}},"loc":{"start":{"line":91,"column":37},"end":{"line":93,"column":1}},"line":91},"3":{"name":"(anonymous_3)","decl":{"start":{"line":96,"column":51},"end":{"line":96,"column":58}},"loc":{"start":{"line":96,"column":77},"end":{"line":177,"column":1}},"line":96},"4":{"name":"(anonymous_4)","decl":{"start":{"line":180,"column":68},"end":{"line":180,"column":75}},"loc":{"start":{"line":180,"column":94},"end":{"line":241,"column":1}},"line":180},"5":{"name":"(anonymous_5)","decl":{"start":{"line":244,"column":64},"end":{"line":244,"column":71}},"loc":{"start":{"line":244,"column":90},"end":{"line":435,"column":1}},"line":244},"6":{"name":"(anonymous_6)","decl":{"start":{"line":270,"column":88},"end":{"line":270,"column":92}},"loc":{"start":{"line":270,"column":98},"end":{"line":273,"column":6}},"line":270},"7":{"name":"(anonymous_7)","decl":{"start":{"line":348,"column":33},"end":{"line":348,"column":39}},"loc":{"start":{"line":348,"column":45},"end":{"line":348,"column":54}},"line":348},"8":{"name":"(anonymous_8)","decl":{"start":{"line":355,"column":46},"end":{"line":355,"column":51}},"loc":{"start":{"line":355,"column":61},"end":{"line":360,"column":12}},"line":355},"9":{"name":"(anonymous_9)","decl":{"start":{"line":379,"column":46},"end":{"line":379,"column":51}},"loc":{"start":{"line":379,"column":61},"end":{"line":384,"column":12}},"line":379},"10":{"name":"(anonymous_10)","decl":{"start":{"line":399,"column":46},"end":{"line":399,"column":51}},"loc":{"start":{"line":399,"column":61},"end":{"line":404,"column":12}},"line":399},"11":{"name":"(anonymous_11)","decl":{"start":{"line":438,"column":69},"end":{"line":438,"column":73}},"loc":{"start":{"line":438,"column":86},"end":{"line":455,"column":1}},"line":438},"12":{"name":"(anonymous_12)","decl":{"start":{"line":458,"column":25},"end":{"line":458,"column":39}},"loc":{"start":{"line":458,"column":52},"end":{"line":472,"column":1}},"line":458},"13":{"name":"(anonymous_13)","decl":{"start":{"line":475,"column":11},"end":{"line":475,"column":22}},"loc":{"start":{"line":475,"column":36},"end":{"line":477,"column":1}},"line":475}},"branchMap":{"0":{"loc":{"start":{"line":27,"column":2},"end":{"line":30,"column":null}},"type":"if","locations":[{"start":{"line":27,"column":2},"end":{"line":30,"column":null}},{"start":{},"end":{}}],"line":27},"1":{"loc":{"start":{"line":37,"column":2},"end":{"line":40,"column":null}},"type":"if","locations":[{"start":{"line":37,"column":2},"end":{"line":40,"column":null}},{"start":{},"end":{}}],"line":37},"2":{"loc":{"start":{"line":103,"column":38},"end":{"line":103,"column":56}},"type":"binary-expr","locations":[{"start":{"line":103,"column":38},"end":{"line":103,"column":52}},{"start":{"line":103,"column":52},"end":{"line":103,"column":56}}],"line":103},"3":{"loc":{"start":{"line":117,"column":20},"end":{"line":117,"column":null}},"type":"cond-expr","locations":[{"start":{"line":117,"column":59},"end":{"line":117,"column":81}},{"start":{"line":117,"column":81},"end":{"line":117,"column":null}}],"line":117},"4":{"loc":{"start":{"line":118,"column":21},"end":{"line":118,"column":null}},"type":"cond-expr","locations":[{"start":{"line":118,"column":61},"end":{"line":118,"column":84}},{"start":{"line":118,"column":84},"end":{"line":118,"column":null}}],"line":118},"5":{"loc":{"start":{"line":125,"column":4},"end":{"line":131,"column":null}},"type":"if","locations":[{"start":{"line":125,"column":4},"end":{"line":131,"column":null}},{"start":{},"end":{}}],"line":125},"6":{"loc":{"start":{"line":127,"column":6},"end":{"line":130,"column":null}},"type":"if","locations":[{"start":{"line":127,"column":6},"end":{"line":130,"column":null}},{"start":{},"end":{}}],"line":127},"7":{"loc":{"start":{"line":137,"column":17},"end":{"line":137,"column":null}},"type":"binary-expr","locations":[{"start":{"line":137,"column":17},"end":{"line":137,"column":31}},{"start":{"line":137,"column":31},"end":{"line":137,"column":null}}],"line":137},"8":{"loc":{"start":{"line":138,"column":12},"end":{"line":138,"column":null}},"type":"binary-expr","locations":[{"start":{"line":138,"column":12},"end":{"line":138,"column":27}},{"start":{"line":138,"column":27},"end":{"line":138,"column":null}}],"line":138},"9":{"loc":{"start":{"line":145,"column":4},"end":{"line":162,"column":null}},"type":"if","locations":[{"start":{"line":145,"column":4},"end":{"line":162,"column":null}},{"start":{},"end":{}}],"line":145},"10":{"loc":{"start":{"line":147,"column":45},"end":{"line":147,"column":68}},"type":"binary-expr","locations":[{"start":{"line":147,"column":45},"end":{"line":147,"column":62}},{"start":{"line":147,"column":62},"end":{"line":147,"column":68}}],"line":147},"11":{"loc":{"start":{"line":158,"column":16},"end":{"line":158,"column":null}},"type":"cond-expr","locations":[{"start":{"line":158,"column":32},"end":{"line":158,"column":70}},{"start":{"line":158,"column":70},"end":{"line":158,"column":null}}],"line":158},"12":{"loc":{"start":{"line":170,"column":20},"end":{"line":170,"column":null}},"type":"binary-expr","locations":[{"start":{"line":170,"column":20},"end":{"line":170,"column":40}},{"start":{"line":170,"column":40},"end":{"line":170,"column":null}}],"line":170},"13":{"loc":{"start":{"line":171,"column":20},"end":{"line":171,"column":null}},"type":"binary-expr","locations":[{"start":{"line":171,"column":20},"end":{"line":171,"column":49}},{"start":{"line":171,"column":49},"end":{"line":171,"column":null}}],"line":171},"14":{"loc":{"start":{"line":187,"column":4},"end":{"line":192,"column":null}},"type":"if","locations":[{"start":{"line":187,"column":4},"end":{"line":192,"column":null}},{"start":{},"end":{}}],"line":187},"15":{"loc":{"start":{"line":195,"column":4},"end":{"line":202,"column":null}},"type":"if","locations":[{"start":{"line":195,"column":4},"end":{"line":202,"column":null}},{"start":{},"end":{}}],"line":195},"16":{"loc":{"start":{"line":207,"column":17},"end":{"line":207,"column":null}},"type":"binary-expr","locations":[{"start":{"line":207,"column":17},"end":{"line":207,"column":60}},{"start":{"line":207,"column":60},"end":{"line":207,"column":null}}],"line":207},"17":{"loc":{"start":{"line":211,"column":4},"end":{"line":228,"column":null}},"type":"if","locations":[{"start":{"line":211,"column":4},"end":{"line":228,"column":null}},{"start":{},"end":{}}],"line":211},"18":{"loc":{"start":{"line":211,"column":8},"end":{"line":211,"column":35}},"type":"binary-expr","locations":[{"start":{"line":211,"column":8},"end":{"line":211,"column":16}},{"start":{"line":211,"column":16},"end":{"line":211,"column":35}}],"line":211},"19":{"loc":{"start":{"line":233,"column":12},"end":{"line":233,"column":null}},"type":"binary-expr","locations":[{"start":{"line":233,"column":12},"end":{"line":233,"column":20}},{"start":{"line":233,"column":20},"end":{"line":233,"column":null}}],"line":233},"20":{"loc":{"start":{"line":234,"column":18},"end":{"line":234,"column":null}},"type":"binary-expr","locations":[{"start":{"line":234,"column":18},"end":{"line":234,"column":38}},{"start":{"line":234,"column":38},"end":{"line":234,"column":null}}],"line":234},"21":{"loc":{"start":{"line":251,"column":4},"end":{"line":256,"column":null}},"type":"if","locations":[{"start":{"line":251,"column":4},"end":{"line":256,"column":null}},{"start":{},"end":{}}],"line":251},"22":{"loc":{"start":{"line":271,"column":13},"end":{"line":271,"column":null}},"type":"cond-expr","locations":[{"start":{"line":271,"column":35},"end":{"line":271,"column":44}},{"start":{"line":271,"column":44},"end":{"line":271,"column":null}}],"line":271},"23":{"loc":{"start":{"line":277,"column":24},"end":{"line":279,"column":null}},"type":"cond-expr","locations":[{"start":{"line":278,"column":8},"end":{"line":278,"column":null}},{"start":{"line":279,"column":8},"end":{"line":279,"column":null}}],"line":277},"24":{"loc":{"start":{"line":278,"column":63},"end":{"line":278,"column":91}},"type":"binary-expr","locations":[{"start":{"line":278,"column":63},"end":{"line":278,"column":84}},{"start":{"line":278,"column":84},"end":{"line":278,"column":91}}],"line":278},"25":{"loc":{"start":{"line":308,"column":7},"end":{"line":308,"column":null}},"type":"binary-expr","locations":[{"start":{"line":308,"column":7},"end":{"line":308,"column":47}},{"start":{"line":308,"column":47},"end":{"line":308,"column":null}}],"line":308},"26":{"loc":{"start":{"line":340,"column":4},"end":{"line":389,"column":null}},"type":"if","locations":[{"start":{"line":340,"column":4},"end":{"line":389,"column":null}},{"start":{"line":365,"column":11},"end":{"line":389,"column":null}}],"line":340},"27":{"loc":{"start":{"line":342,"column":6},"end":{"line":364,"column":null}},"type":"if","locations":[{"start":{"line":342,"column":6},"end":{"line":364,"column":null}},{"start":{},"end":{}}],"line":342},"28":{"loc":{"start":{"line":349,"column":10},"end":{"line":353,"column":null}},"type":"if","locations":[{"start":{"line":349,"column":10},"end":{"line":353,"column":null}},{"start":{},"end":{}}],"line":349},"29":{"loc":{"start":{"line":359,"column":22},"end":{"line":359,"column":null}},"type":"binary-expr","locations":[{"start":{"line":359,"column":22},"end":{"line":359,"column":33}},{"start":{"line":359,"column":33},"end":{"line":359,"column":null}}],"line":359},"30":{"loc":{"start":{"line":365,"column":11},"end":{"line":389,"column":null}},"type":"if","locations":[{"start":{"line":365,"column":11},"end":{"line":389,"column":null}},{"start":{"line":371,"column":11},"end":{"line":389,"column":null}}],"line":365},"31":{"loc":{"start":{"line":367,"column":6},"end":{"line":370,"column":null}},"type":"if","locations":[{"start":{"line":367,"column":6},"end":{"line":370,"column":null}},{"start":{},"end":{}}],"line":367},"32":{"loc":{"start":{"line":371,"column":11},"end":{"line":389,"column":null}},"type":"if","locations":[{"start":{"line":371,"column":11},"end":{"line":389,"column":null}},{"start":{},"end":{}}],"line":371},"33":{"loc":{"start":{"line":373,"column":6},"end":{"line":388,"column":null}},"type":"if","locations":[{"start":{"line":373,"column":6},"end":{"line":388,"column":null}},{"start":{},"end":{}}],"line":373},"34":{"loc":{"start":{"line":393,"column":4},"end":{"line":409,"column":null}},"type":"if","locations":[{"start":{"line":393,"column":4},"end":{"line":409,"column":null}},{"start":{},"end":{}}],"line":393},"35":{"loc":{"start":{"line":393,"column":8},"end":{"line":393,"column":69}},"type":"binary-expr","locations":[{"start":{"line":393,"column":8},"end":{"line":393,"column":28}},{"start":{"line":393,"column":28},"end":{"line":393,"column":36}},{"start":{"line":393,"column":36},"end":{"line":393,"column":69}}],"line":393},"36":{"loc":{"start":{"line":396,"column":8},"end":{"line":405,"column":null}},"type":"if","locations":[{"start":{"line":396,"column":8},"end":{"line":405,"column":null}},{"start":{},"end":{}}],"line":396},"37":{"loc":{"start":{"line":397,"column":19},"end":{"line":397,"column":null}},"type":"binary-expr","locations":[{"start":{"line":397,"column":19},"end":{"line":397,"column":29}},{"start":{"line":397,"column":29},"end":{"line":397,"column":null}}],"line":397},"38":{"loc":{"start":{"line":398,"column":23},"end":{"line":398,"column":null}},"type":"binary-expr","locations":[{"start":{"line":398,"column":23},"end":{"line":398,"column":37}},{"start":{"line":398,"column":37},"end":{"line":398,"column":null}}],"line":398},"39":{"loc":{"start":{"line":424,"column":4},"end":{"line":426,"column":null}},"type":"if","locations":[{"start":{"line":424,"column":4},"end":{"line":426,"column":null}},{"start":{},"end":{}}],"line":424},"40":{"loc":{"start":{"line":427,"column":4},"end":{"line":429,"column":null}},"type":"if","locations":[{"start":{"line":427,"column":4},"end":{"line":429,"column":null}},{"start":{},"end":{}}],"line":427},"41":{"loc":{"start":{"line":427,"column":8},"end":{"line":427,"column":55}},"type":"binary-expr","locations":[{"start":{"line":427,"column":8},"end":{"line":427,"column":27}},{"start":{"line":427,"column":27},"end":{"line":427,"column":55}}],"line":427},"42":{"loc":{"start":{"line":441,"column":2},"end":{"line":446,"column":null}},"type":"if","locations":[{"start":{"line":441,"column":2},"end":{"line":446,"column":null}},{"start":{},"end":{}}],"line":441},"43":{"loc":{"start":{"line":452,"column":74},"end":{"line":452,"column":94}},"type":"binary-expr","locations":[{"start":{"line":452,"column":74},"end":{"line":452,"column":84}},{"start":{"line":452,"column":84},"end":{"line":452,"column":94}}],"line":452},"44":{"loc":{"start":{"line":461,"column":2},"end":{"line":466,"column":null}},"type":"if","locations":[{"start":{"line":461,"column":2},"end":{"line":466,"column":null}},{"start":{},"end":{}}],"line":461}},"s":{"0":3,"1":3,"2":7,"3":3,"4":3,"5":7,"6":0,"7":7,"8":7,"9":3,"10":3,"11":3,"12":3,"13":3,"14":3,"15":0,"16":3,"17":7,"18":7,"19":7,"20":7,"21":7,"22":7,"23":5,"24":2,"25":7,"26":7,"27":7,"28":7,"29":7,"30":7,"31":7,"32":7,"33":7,"34":0,"35":0,"36":0,"37":0,"38":7,"39":7,"40":7,"41":0,"42":0,"43":0,"44":0,"45":7,"46":7,"47":0,"48":3,"49":10,"50":10,"51":10,"52":10,"53":10,"54":10,"55":0,"56":10,"57":2,"58":8,"59":8,"60":10,"61":10,"62":10,"63":0,"64":0,"65":0,"66":0,"67":8,"68":8,"69":0,"70":3,"71":10,"72":10,"73":10,"74":10,"75":10,"76":10,"77":0,"78":10,"79":10,"80":10,"81":46,"82":10,"83":10,"84":10,"85":10,"86":10,"87":10,"88":10,"89":10,"90":0,"91":10,"92":10,"93":10,"94":10,"95":10,"96":10,"97":3,"98":3,"99":3,"100":3,"101":3,"102":3,"103":3,"104":3,"105":3,"106":3,"107":3,"108":3,"109":3,"110":0,"111":7,"112":0,"113":0,"114":0,"115":0,"116":7,"117":6,"118":6,"119":6,"120":6,"121":6,"122":6,"123":6,"124":30,"125":0,"126":10,"127":0,"128":0,"129":0,"130":0,"131":0,"132":0,"133":0,"134":0,"135":10,"136":10,"137":10,"138":10,"139":10,"140":3,"141":10,"142":9,"143":10,"144":0,"145":3,"146":0,"147":0,"148":0,"149":0,"150":0,"151":0,"152":0,"153":0,"154":3,"155":1,"156":1,"157":1,"158":0,"159":1,"160":3,"161":0},"f":{"0":7,"1":7,"2":0,"3":7,"4":10,"5":10,"6":46,"7":3,"8":3,"9":30,"10":0,"11":0,"12":1,"13":0},"b":{"0":[3,4],"1":[0,7],"2":[7,7],"3":[7,0],"4":[7,0],"5":[0,7],"6":[0,0],"7":[7,7],"8":[7,0],"9":[0,7],"10":[0,0],"11":[0,0],"12":[7,0],"13":[7,7],"14":[0,10],"15":[2,8],"16":[8,0],"17":[0,10],"18":[10,8],"19":[8,0],"20":[10,8],"21":[0,10],"22":[28,18],"23":[10,0],"24":[10,0],"25":[10,0],"26":[3,7],"27":[3,0],"28":[3,0],"29":[3,3],"30":[0,7],"31":[0,0],"32":[6,1],"33":[6,0],"34":[0,10],"35":[10,1,1],"36":[0,0],"37":[0,0],"38":[0,0],"39":[3,7],"40":[9,1],"41":[10,9],"42":[0,0],"43":[0,0],"44":[0,1]},"meta":{"lastBranch":45,"lastFunction":14,"lastStatement":162,"seen":{"s:22:6:22:Infinity":0,"s:25:18:25:Infinity":1,"f:26:9:26:29":0,"b:27:2:30:Infinity:undefined:undefined:undefined:undefined":0,"s:27:2:30:Infinity":2,"s:28:4:28:Infinity":3,"s:29:4:29:Infinity":4,"f:36:9:36:24":1,"b:37:2:40:Infinity:undefined:undefined:undefined:undefined":1,"s:37:2:40:Infinity":5,"s:39:4:39:Infinity":6,"s:41:13:41:Infinity":7,"s:43:2:43:Infinity":8,"s:46:21:51:Infinity":9,"s:53:19:55:Infinity":10,"s:57:23:59:Infinity":11,"s:61:19:64:Infinity":12,"s:66:23:69:Infinity":13,"s:91:0:93:Infinity":14,"f:91:11:91:23":2,"s:92:2:92:Infinity":15,"s:96:0:177:Infinity":16,"f:96:51:96:58":3,"s:97:2:176:Infinity":17,"s:98:4:98:Infinity":18,"s:99:52:99:Infinity":19,"s:102:4:108:Infinity":20,"s:103:23:103:Infinity":21,"b:103:38:103:52:103:52:103:56":2,"s:104:6:104:Infinity":22,"s:105:6:105:Infinity":23,"s:107:6:107:Infinity":24,"s:110:10:110:Infinity":25,"s:113:44:116:Infinity":26,"s:117:20:117:Infinity":27,"b:117:59:117:81:117:81:117:Infinity":3,"s:118:21:118:Infinity":28,"b:118:61:118:84:118:84:118:Infinity":4,"s:119:16:119:Infinity":29,"s:120:20:120:Infinity":30,"s:123:24:123:Infinity":31,"s:124:22:124:Infinity":32,"b:125:4:131:Infinity:undefined:undefined:undefined:undefined":5,"s:125:4:131:Infinity":33,"s:126:12:126:Infinity":34,"b:127:6:130:Infinity:undefined:undefined:undefined:undefined":6,"s:127:6:130:Infinity":35,"s:128:8:128:Infinity":36,"s:129:8:129:Infinity":37,"s:133:20:139:Infinity":38,"b:137:17:137:31:137:31:137:Infinity":7,"b:138:12:138:27:138:27:138:Infinity":8,"s:142:10:142:Infinity":39,"b:145:4:162:Infinity:undefined:undefined:undefined:undefined":9,"s:145:4:162:Infinity":40,"s:146:6:161:Infinity":41,"s:147:22:147:Infinity":42,"b:147:45:147:62:147:62:147:68":10,"s:148:8:153:Infinity":43,"s:155:8:160:Infinity":44,"b:158:32:158:70:158:70:158:Infinity":11,"s:164:4:164:Infinity":45,"s:166:4:173:Infinity":46,"b:170:20:170:40:170:40:170:Infinity":12,"b:171:20:171:49:171:49:171:Infinity":13,"s:175:4:175:Infinity":47,"s:180:0:241:Infinity":48,"f:180:68:180:75":4,"s:181:2:240:Infinity":49,"s:182:22:182:Infinity":50,"s:183:10:183:Infinity":51,"s:185:22:185:Infinity":52,"s:186:10:186:Infinity":53,"b:187:4:192:Infinity:undefined:undefined:undefined:undefined":14,"s:187:4:192:Infinity":54,"s:188:6:191:Infinity":55,"b:195:4:202:Infinity:undefined:undefined:undefined:undefined":15,"s:195:4:202:Infinity":56,"s:196:6:201:Infinity":57,"s:204:4:204:Infinity":58,"s:207:17:207:Infinity":59,"b:207:17:207:60:207:60:207:Infinity":16,"s:208:17:208:Infinity":60,"s:209:21:209:Infinity":61,"b:211:4:228:Infinity:undefined:undefined:undefined:undefined":17,"s:211:4:228:Infinity":62,"b:211:8:211:16:211:16:211:35":18,"s:212:6:227:Infinity":63,"s:213:8:213:Infinity":64,"s:214:8:219:Infinity":65,"s:221:8:226:Infinity":66,"s:230:4:230:Infinity":67,"s:232:4:237:Infinity":68,"b:233:12:233:20:233:20:233:Infinity":19,"b:234:18:234:38:234:38:234:Infinity":20,"s:239:4:239:Infinity":69,"s:244:0:435:Infinity":70,"f:244:64:244:71":5,"s:245:2:434:Infinity":71,"s:246:28:246:Infinity":72,"s:247:10:247:Infinity":73,"s:249:22:249:Infinity":74,"s:250:10:250:Infinity":75,"b:251:4:256:Infinity:undefined:undefined:undefined:undefined":21,"s:251:4:256:Infinity":76,"s:252:6:255:Infinity":77,"s:259:10:259:Infinity":78,"s:262:4:267:Infinity":79,"s:270:71:273:Infinity":80,"f:270:88:270:92":6,"s:270:98:273:6":81,"b:271:35:271:44:271:44:271:Infinity":22,"s:276:24:276:Infinity":82,"s:277:24:279:Infinity":83,"b:278:8:278:Infinity:279:8:279:Infinity":23,"b:278:63:278:84:278:84:278:91":24,"s:281:25:308:Infinity":84,"b:308:7:308:47:308:47:308:Infinity":25,"s:311:10:311:Infinity":85,"s:313:21:317:Infinity":86,"s:319:16:319:Infinity":87,"s:320:4:324:Infinity":88,"s:321:6:321:Infinity":89,"s:323:6:323:Infinity":90,"s:327:4:332:Infinity":91,"s:335:32:335:Infinity":92,"s:336:36:336:Infinity":93,"s:337:36:337:Infinity":94,"s:338:55:338:Infinity":95,"b:340:4:389:Infinity:365:11:389:Infinity":26,"s:340:4:389:Infinity":96,"s:341:20:341:Infinity":97,"b:342:6:364:Infinity:undefined:undefined:undefined:undefined":27,"s:342:6:364:Infinity":98,"s:343:8:343:Infinity":99,"s:344:8:344:Infinity":100,"s:346:8:363:Infinity":101,"s:347:24:347:Infinity":102,"s:348:27:348:Infinity":103,"f:348:33:348:39":7,"s:348:45:348:54":104,"b:349:10:353:Infinity:undefined:undefined:undefined:undefined":28,"s:349:10:353:Infinity":105,"s:350:12:350:Infinity":106,"s:352:12:352:Infinity":107,"s:355:10:360:Infinity":108,"f:355:46:355:51":8,"s:355:61:360:12":109,"b:359:22:359:33:359:33:359:Infinity":29,"s:362:10:362:Infinity":110,"b:365:11:389:Infinity:371:11:389:Infinity":30,"s:365:11:389:Infinity":111,"s:366:20:366:Infinity":112,"b:367:6:370:Infinity:undefined:undefined:undefined:undefined":31,"s:367:6:370:Infinity":113,"s:368:8:368:Infinity":114,"s:369:8:369:Infinity":115,"b:371:11:389:Infinity:undefined:undefined:undefined:undefined":32,"s:371:11:389:Infinity":116,"s:372:20:372:Infinity":117,"b:373:6:388:Infinity:undefined:undefined:undefined:undefined":33,"s:373:6:388:Infinity":118,"s:374:8:374:Infinity":119,"s:375:8:375:Infinity":120,"s:377:8:387:Infinity":121,"s:378:24:378:Infinity":122,"s:379:10:384:Infinity":123,"f:379:46:379:51":9,"s:379:61:384:12":124,"s:386:10:386:Infinity":125,"b:393:4:409:Infinity:undefined:undefined:undefined:undefined":34,"s:393:4:409:Infinity":126,"b:393:8:393:28:393:28:393:36:393:36:393:69":35,"s:394:6:408:Infinity":127,"s:395:22:395:Infinity":128,"b:396:8:405:Infinity:undefined:undefined:undefined:undefined":36,"s:396:8:405:Infinity":129,"s:397:10:397:Infinity":130,"b:397:19:397:29:397:29:397:Infinity":37,"s:398:10:398:Infinity":131,"b:398:23:398:37:398:37:398:Infinity":38,"s:399:10:404:Infinity":132,"f:399:46:399:51":10,"s:399:61:404:12":133,"s:407:8:407:Infinity":134,"s:412:25:412:Infinity":135,"s:413:4:413:Infinity":136,"s:415:4:415:Infinity":137,"s:417:35:423:Infinity":138,"b:424:4:426:Infinity:undefined:undefined:undefined:undefined":39,"s:424:4:426:Infinity":139,"s:425:6:425:Infinity":140,"b:427:4:429:Infinity:undefined:undefined:undefined:undefined":40,"s:427:4:429:Infinity":141,"b:427:8:427:27:427:27:427:55":41,"s:428:6:428:Infinity":142,"s:431:4:431:Infinity":143,"s:433:4:433:Infinity":144,"s:438:0:455:Infinity":145,"f:438:69:438:73":11,"s:439:20:439:Infinity":146,"s:440:8:440:Infinity":147,"b:441:2:446:Infinity:undefined:undefined:undefined:undefined":42,"s:441:2:446:Infinity":148,"s:442:4:445:Infinity":149,"s:448:29:448:Infinity":150,"s:449:22:449:Infinity":151,"s:452:2:452:Infinity":152,"b:452:74:452:84:452:84:452:94":43,"s:454:2:454:Infinity":153,"s:458:0:472:Infinity":154,"f:458:25:458:39":12,"s:459:20:459:Infinity":155,"s:460:8:460:Infinity":156,"b:461:2:466:Infinity:undefined:undefined:undefined:undefined":44,"s:461:2:466:Infinity":157,"s:462:4:465:Infinity":158,"s:468:2:471:Infinity":159,"s:475:0:477:Infinity":160,"f:475:11:475:22":13,"s:476:2:476:Infinity":161}}}
,"D:\\Coder\\mimo-radio\\backend\\src\\services\\aiFactory.ts": {"path":"D:\\Coder\\mimo-radio\\backend\\src\\services\\aiFactory.ts","statementMap":{"0":{"start":{"line":6,"column":20},"end":{"line":6,"column":null}},"1":{"start":{"line":9,"column":12},"end":{"line":9,"column":null}},"2":{"start":{"line":11,"column":2},"end":{"line":13,"column":null}},"3":{"start":{"line":12,"column":4},"end":{"line":12,"column":null}},"4":{"start":{"line":16,"column":2},"end":{"line":16,"column":null}},"5":{"start":{"line":20,"column":2},"end":{"line":23,"column":null}}},"fnMap":{"0":{"name":"getAIService","decl":{"start":{"line":8,"column":16},"end":{"line":8,"column":29}},"loc":{"start":{"line":8,"column":56},"end":{"line":17,"column":null}},"line":8},"1":{"name":"listAvailableModels","decl":{"start":{"line":19,"column":16},"end":{"line":19,"column":94}},"loc":{"start":{"line":19,"column":94},"end":{"line":24,"column":null}},"line":19}},"branchMap":{"0":{"loc":{"start":{"line":11,"column":2},"end":{"line":13,"column":null}},"type":"if","locations":[{"start":{"line":11,"column":2},"end":{"line":13,"column":null}},{"start":{},"end":{}}],"line":11},"1":{"loc":{"start":{"line":11,"column":27},"end":{"line":11,"column":34}},"type":"binary-expr","locations":[{"start":{"line":11,"column":27},"end":{"line":11,"column":32}},{"start":{"line":11,"column":32},"end":{"line":11,"column":34}}],"line":11}},"s":{"0":1,"1":6,"2":6,"3":2,"4":4,"5":4},"f":{"0":6,"1":4},"b":{"0":[2,4],"1":[6,3]},"meta":{"lastBranch":2,"lastFunction":2,"lastStatement":6,"seen":{"s:6:20:6:Infinity":0,"f:8:16:8:29":0,"s:9:12:9:Infinity":1,"b:11:2:13:Infinity:undefined:undefined:undefined:undefined":0,"s:11:2:13:Infinity":2,"b:11:27:11:32:11:32:11:34":1,"s:12:4:12:Infinity":3,"s:16:2:16:Infinity":4,"f:19:16:19:94":1,"s:20:2:23:Infinity":5}}}
,"D:\\Coder\\mimo-radio\\backend\\src\\services\\djPersona.ts": {"path":"D:\\Coder\\mimo-radio\\backend\\src\\services\\djPersona.ts","statementMap":{"0":{"start":{"line":39,"column":21},"end":{"line":39,"column":null}},"1":{"start":{"line":41,"column":38},"end":{"line":41,"column":null}},"2":{"start":{"line":45,"column":2},"end":{"line":60,"column":null}},"3":{"start":{"line":65,"column":2},"end":{"line":65,"column":null}},"4":{"start":{"line":65,"column":21},"end":{"line":65,"column":null}},"5":{"start":{"line":66,"column":2},"end":{"line":75,"column":null}},"6":{"start":{"line":67,"column":4},"end":{"line":72,"column":null}},"7":{"start":{"line":68,"column":18},"end":{"line":68,"column":null}},"8":{"start":{"line":69,"column":6},"end":{"line":69,"column":null}},"9":{"start":{"line":70,"column":6},"end":{"line":70,"column":null}},"10":{"start":{"line":71,"column":6},"end":{"line":71,"column":null}},"11":{"start":{"line":74,"column":4},"end":{"line":74,"column":null}},"12":{"start":{"line":76,"column":2},"end":{"line":76,"column":null}},"13":{"start":{"line":77,"column":2},"end":{"line":77,"column":null}},"14":{"start":{"line":96,"column":20},"end":{"line":103,"column":null}},"15":{"start":{"line":102,"column":61},"end":{"line":102,"column":84}},"16":{"start":{"line":105,"column":17},"end":{"line":107,"column":null}},"17":{"start":{"line":127,"column":2},"end":{"line":165,"column":null}},"18":{"start":{"line":128,"column":16},"end":{"line":128,"column":null}},"19":{"start":{"line":130,"column":20},"end":{"line":130,"column":null}},"20":{"start":{"line":131,"column":18},"end":{"line":131,"column":null}},"21":{"start":{"line":132,"column":4},"end":{"line":132,"column":null}},"22":{"start":{"line":132,"column":16},"end":{"line":132,"column":null}},"23":{"start":{"line":133,"column":19},"end":{"line":133,"column":null}},"24":{"start":{"line":135,"column":31},"end":{"line":150,"column":null}},"25":{"start":{"line":153,"column":4},"end":{"line":153,"column":null}},"26":{"start":{"line":154,"column":4},"end":{"line":154,"column":null}},"27":{"start":{"line":155,"column":4},"end":{"line":155,"column":null}},"28":{"start":{"line":156,"column":4},"end":{"line":159,"column":null}},"29":{"start":{"line":160,"column":4},"end":{"line":160,"column":null}},"30":{"start":{"line":162,"column":4},"end":{"line":162,"column":null}},"31":{"start":{"line":163,"column":4},"end":{"line":163,"column":null}},"32":{"start":{"line":164,"column":4},"end":{"line":164,"column":null}},"33":{"start":{"line":173,"column":12},"end":{"line":173,"column":null}},"34":{"start":{"line":174,"column":2},"end":{"line":182,"column":null}}},"fnMap":{"0":{"name":"defaultPersona","decl":{"start":{"line":44,"column":9},"end":{"line":44,"column":37}},"loc":{"start":{"line":44,"column":37},"end":{"line":61,"column":null}},"line":44},"1":{"name":"loadPersona","decl":{"start":{"line":64,"column":16},"end":{"line":64,"column":41}},"loc":{"start":{"line":64,"column":41},"end":{"line":78,"column":null}},"line":64},"2":{"name":"generatePersona","decl":{"start":{"line":86,"column":22},"end":{"line":86,"column":null}},"loc":{"start":{"line":95,"column":22},"end":{"line":166,"column":null}},"line":95},"3":{"name":"(anonymous_3)","decl":{"start":{"line":102,"column":52},"end":{"line":102,"column":56}},"loc":{"start":{"line":102,"column":61},"end":{"line":102,"column":84}},"line":102},"4":{"name":"personaPromptBlock","decl":{"start":{"line":172,"column":16},"end":{"line":172,"column":35}},"loc":{"start":{"line":172,"column":64},"end":{"line":185,"column":null}},"line":172}},"branchMap":{"0":{"loc":{"start":{"line":65,"column":2},"end":{"line":65,"column":null}},"type":"if","locations":[{"start":{"line":65,"column":2},"end":{"line":65,"column":null}},{"start":{},"end":{}}],"line":65},"1":{"loc":{"start":{"line":67,"column":4},"end":{"line":72,"column":null}},"type":"if","locations":[{"start":{"line":67,"column":4},"end":{"line":72,"column":null}},{"start":{},"end":{}}],"line":67},"2":{"loc":{"start":{"line":96,"column":20},"end":{"line":103,"column":null}},"type":"cond-expr","locations":[{"start":{"line":97,"column":6},"end":{"line":102,"column":null}},{"start":{"line":103,"column":6},"end":{"line":103,"column":null}}],"line":96},"3":{"loc":{"start":{"line":98,"column":9},"end":{"line":98,"column":null}},"type":"binary-expr","locations":[{"start":{"line":98,"column":9},"end":{"line":98,"column":32}},{"start":{"line":98,"column":32},"end":{"line":98,"column":null}}],"line":98},"4":{"loc":{"start":{"line":99,"column":10},"end":{"line":99,"column":34}},"type":"binary-expr","locations":[{"start":{"line":99,"column":10},"end":{"line":99,"column":30}},{"start":{"line":99,"column":30},"end":{"line":99,"column":34}}],"line":99},"5":{"loc":{"start":{"line":100,"column":10},"end":{"line":100,"column":44}},"type":"binary-expr","locations":[{"start":{"line":100,"column":10},"end":{"line":100,"column":40}},{"start":{"line":100,"column":40},"end":{"line":100,"column":44}}],"line":100},"6":{"loc":{"start":{"line":101,"column":10},"end":{"line":101,"column":37}},"type":"binary-expr","locations":[{"start":{"line":101,"column":10},"end":{"line":101,"column":33}},{"start":{"line":101,"column":33},"end":{"line":101,"column":37}}],"line":101},"7"
[...]
"column":null}},"type":"if","locations":[{"start":{"line":87,"column":4},"end":{"line":93,"column":null}},{"start":{},"end":{}}],"line":87},"6":{"loc":{"start":{"line":87,"column":8},"end":{"line":87,"column":49}},"type":"binary-expr","locations":[{"start":{"line":87,"column":8},"end":{"line":87,"column":18}},{"start":{"line":87,"column":18},"end":{"line":87,"column":49}}],"line":87},"7":{"loc":{"start":{"line":88,"column":6},"end":{"line":90,"column":null}},"type":"if","locations":[{"start":{"line":88,"column":6},"end":{"line":90,"column":null}},{"start":{},"end":{}}],"line":88},"8":{"loc":{"start":{"line":101,"column":4},"end":{"line":104,"column":null}},"type":"if","locations":[{"start":{"line":101,"column":4},"end":{"line":104,"column":null}},{"start":{},"end":{}}],"line":101}},"s":{"0":5,"1":5,"2":5,"3":5,"4":0,"5":5,"6":1,"7":5,"8":5,"9":5,"10":5,"11":5,"12":0,"13":0,"14":0,"15":0,"16":5,"17":5,"18":0,"19":5,"20":5,"21":4,"22":4,"23":0,"24":4,"25":4,"26":4,"27":1,"28":1,"29":1,"30":0,"31":0,"32":1,"33":5,"34":0,"35":0,"36":0,"37":0},"f":{"0":5,"1":5,"2":5,"3":0,"4":0},"b":{"0":[1,4],"1":[5],"2":[5],"3":[0,5],"4":[0,0],"5":[4,0],"6":[4,0],"7":[0,4],"8":[0,1]},"meta":{"lastBranch":9,"lastFunction":5,"lastStatement":38,"seen":{"s:20:53:24:Infinity":0,"s:30:17:34:Infinity":1,"f:36:9:36:17":0,"s:37:2:41:Infinity":2,"s:38:4:38:Infinity":3,"s:40:4:40:Infinity":4,"f:44:9:44:20":1,"b:45:2:47:Infinity:undefined:undefined:undefined:undefined":0,"s:45:2:47:Infinity":5,"s:46:4:46:Infinity":6,"s:48:2:48:Infinity":7,"f:57:22:57:Infinity":2,"b:59:41:59:Infinity":1,"b:60:22:60:Infinity":2,"s:62:15:62:Infinity":8,"s:63:18:63:Infinity":9,"s:64:14:64:Infinity":10,"b:67:2:75:Infinity:undefined:undefined:undefined:undefined":3,"s:67:2:75:Infinity":11,"b:68:4:74:Infinity:72:11:74:Infinity":4,"s:68:4:74:Infinity":12,"s:70:6:70:Infinity":13,"s:71:6:71:Infinity":14,"s:73:6:73:Infinity":15,"s:77:21:77:Infinity":16,"s:78:20:78:Infinity":17,"f:78:20:78:37":3,"s:78:37:78:57":18,"s:80:2:109:Infinity":19,"s:81:16:84:Infinity":20,"b:87:4:93:Infinity:undefined:undefined:undefined:undefined":5,"s:87:4:93:Infinity":21,"b:87:8:87:18:87:18:87:49":6,"b:88:6:90:Infinity:undefined:undefined:undefined:undefined":7,"s:88:6:90:Infinity":22,"s:89:8:89:Infinity":23,"s:91:6:91:Infinity":24,"s:92:6:92:Infinity":25,"s:95:4:95:Infinity":26,"s:98:4:98:Infinity":27,"s:99:4:99:Infinity":28,"b:101:4:104:Infinity:undefined:undefined:undefined:undefined":8,"s:101:4:104:Infinity":29,"s:102:6:102:Infinity":30,"s:103:6:103:Infinity":31,"s:106:4:106:Infinity":32,"s:108:4:108:Infinity":33,"f:115:16:115:65":4,"s:116:47:116:Infinity":34,"s:117:2:119:Infinity":35,"s:118:4:118:Infinity":36,"s:120:2:120:Infinity":37}}}
,"D:\\Coder\\mimo-radio\\backend\\src\\utils\\logger.ts": {"path":"D:\\Coder\\mimo-radio\\backend\\src\\utils\\logger.ts","statementMap":{"0":{"start":{"line":10,"column":7},"end":{"line":15,"column":null}},"1":{"start":{"line":11,"column":2},"end":{"line":11,"column":null}},"2":{"start":{"line":12,"column":2},"end":{"line":12,"column":null}},"3":{"start":{"line":13,"column":2},"end":{"line":13,"column":null}},"4":{"start":{"line":14,"column":2},"end":{"line":14,"column":null}},"5":{"start":{"line":17,"column":22},"end":{"line":17,"column":null}},"6":{"start":{"line":22,"column":2},"end":{"line":22,"column":null}},"7":{"start":{"line":30,"column":20},"end":{"line":30,"column":null}},"8":{"start":{"line":31,"column":2},"end":{"line":33,"column":null}},"9":{"start":{"line":32,"column":4},"end":{"line":32,"column":null}},"10":{"start":{"line":34,"column":18},"end":{"line":34,"column":null}},"11":{"start":{"line":35,"column":2},"end":{"line":35,"column":null}},"12":{"start":{"line":38,"column":22},"end":{"line":62,"column":null}},"13":{"start":{"line":40,"column":4},"end":{"line":42,"column":null}},"14":{"start":{"line":41,"column":6},"end":{"line":41,"column":null}},"15":{"start":{"line":46,"column":4},"end":{"line":48,"column":null}},"16":{"start":{"line":47,"column":6},"end":{"line":47,"column":null}},"17":{"start":{"line":52,"column":4},"end":{"line":54,"column":null}},"18":{"start":{"line":53,"column":6},"end":{"line":53,"column":null}},"19":{"start":{"line":58,"column":4},"end":{"line":60,"column":null}},"20":{"start":{"line":59,"column":6},"end":{"line":59,"column":null}}},"fnMap":{"0":{"name":"(anonymous_0)","decl":{"start":{"line":10,"column":7},"end":{"line":10,"column":12}},"loc":{"start":{"line":10,"column":7},"end":{"line":15,"column":null}},"line":10},"1":{"name":"shouldLog","decl":{"start":{"line":21,"column":9},"end":{"line":21,"column":19}},"loc":{"start":{"line":21,"column":45},"end":{"line":23,"column":null}},"line":21},"2":{"name":"formatLog","decl":{"start":{"line":25,"column":9},"end":{"line":25,"column":null}},"loc":{"start":{"line":29,"column":10},"end":{"line":36,"column":null}},"line":29},"3":{"name":"(anonymous_3)","decl":{"start":{"line":39,"column":2},"end":{"line":39,"column":8}},"loc":{"start":{"line":39,"column":57},"end":{"line":43,"column":null}},"line":39},"4":{"name":"(anonymous_4)","decl":{"start":{"line":45,"column":2},"end":{"line":45,"column":7}},"loc":{"start":{"line":45,"column":56},"end":{"line":49,"column":null}},"line":45},"5":{"name":"(anonymous_5)","decl":{"start":{"line":51,"column":2},"end":{"line":51,"column":7}},"loc":{"start":{"line":51,"column":56},"end":{"line":55,"column":null}},"line":51},"6":{"name":"(anonymous_6)","decl":{"start":{"line":57,"column":2},"end":{"line":57,"column":8}},"loc":{"start":{"line":57,"column":57},"end":{"line":61,"column":null}},"line":57}},"branchMap":{"0":{"loc":{"start":{"line":17,"column":22},"end":{"line":17,"column":null}},"type":"cond-expr","locations":[{"start":{"line":17,"column":41},"end":{"line":17,"column":null}},{"start":{"line":17,"column":41},"end":{"line":17,"column":null}}],"line":17},"1":{"loc":{"start":{"line":31,"column":2},"end":{"line":33,"column":null}},"type":"if","locations":[{"start":{"line":31,"column":2},"end":{"line":33,"column":null}},{"start":{},"end":{}}],"line":31},"2":{"loc":{"start":{"line":34,"column":18},"end":{"line":34,"column":null}},"type":"cond-expr","locations":[{"start":{"line":34,"column":25},"end":{"line":34,"column":54}},{"start":{"line":34,"column":54},"end":{"line":34,"column":null}}],"line":34},"3":{"loc":{"start":{"line":40,"column":4},"end":{"line":42,"column":null}},"type":"if","locations":[{"start":{"line":40,"column":4},"end":{"line":42,"column":null}},{"start":{},"end":{}}],"line":40},"4":{"loc":{"start":{"line":46,"column":4},"end":{"line":48,"column":null}},"type":"if","locations":[{"start":{"line":46,"column":4},"end":{"line":48,"column":null}},{"start":{},"end":{}}],"line":46},"5":{"loc":{"start":{"line":52,"column":4},"end":{"line":54,"column":null}},"type":"if","locations":[{"start":{"line":52,"column":4},"end":{"line":54,"column":null}},{"start":{},"end":{}}],"line":52},"6":{"loc":{"start":{"line":58,"column":4},"end":{"line":60,"column":null}},"type":"if","locations":[{"start":{"line":58,"column":4},"end":{"line":60,"column":null}},{"start":{},"end":{}}],"line":58}},"s":{"0":16,"1":16,"2":16,"3":16,"4":16,"5":16,"6":64,"7":64,"8":64,"9":0,"10":64,"11":64,"12":16,"13":13,"14":13,"15":27,"16":27,"17":11,"18":11,"19":13,"20":13},"f":{"0":16,"1":64,"2":64,"3":13,"4":27,"5":11,"6":13},"b":{"0":[0,16],"1":[0,64],"2":[51,13],"3":[13,0],"4":[27,0],"5":[11,0],"6":[13,0]},"meta":{"lastBranch":7,"lastFunction":7,"lastStatement":21,"seen":{"s:10:7:15:Infinity":0,"f:10:7:10:12":0,"s:11:2:11:Infinity":1,"s:12:2:12:Infinity":2,"s:13:2:13:Infinity":3,"s:14:2:14:Infinity":4,"s:17:22:17:Infinity":5,"b:17:41:17:Infinity:17:41:17:Infinity":0,"f:21:9:21:19":1,"s:22:2:22:Infinity":6,"f:25:9:25:Infinity":2,"s:30:20:30:Infinity":7,"b:31:2:33:Infinity:undefined:undefined:undefined:undefined":1,"s:31:2:33:Infinity":8,"s:32:4:32:Infinity":9,"s:34:18:34:Infinity":10,"b:34:25:34:54:34:54:34:Infinity":2,"s:35:2:35:Infinity":11,"s:38:22:62:Infinity":12,"f:39:2:39:8":3,"b:40:4:42:Infinity:undefined:undefined:undefined:undefined":3,"s:40:4:42:Infinity":13,"s:41:6:41:Infinity":14,"f:45:2:45:7":4,"b:46:4:48:Infinity:undefined:undefined:undefined:undefined":4,"s:46:4:48:Infinity":15,"s:47:6:47:Infinity":16,"f:51:2:51:7":5,"b:52:4:54:Infinity:undefined:undefined:undefined:undefined":5,"s:52:4:54:Infinity":17,"s:53:6:53:Infinity":18,"f:57:2:57:8":6,"b:58:4:60:Infinity:undefined:undefined:undefined:undefined":6,"s:58:4:60:Infinity":19,"s:59:6:59:Infinity":20}}}
,"D:\\Coder\\mimo-radio\\backend\\src\\utils\\promptGuard.ts": {"path":"D:\\Coder\\mimo-radio\\backend\\src\\utils\\promptGuard.ts","statementMap":{"0":{"start":{"line":13,"column":27},"end":{"line":22,"column":null}},"1":{"start":{"line":29,"column":18},"end":{"line":29,"column":null}},"2":{"start":{"line":32,"column":2},"end":{"line":34,"column":null}},"3":{"start":{"line":33,"column":4},"end":{"line":33,"column":null}},"4":{"start":{"line":37,"column":2},"end":{"line":39,"column":null}},"5":{"start":{"line":41,"column":2},"end":{"line":41,"column":null}},"6":{"start":{"line":49,"column":13},"end":{"line":49,"column":null}},"7":{"start":{"line":50,"column":16},"end":{"line":50,"column":null}},"8":{"start":{"line":54,"column":25},"end":{"line":54,"column":null}},"9":{"start":{"line":55,"column":2},"end":{"line":58,"column":null}},"10":{"start":{"line":56,"column":4},"end":{"line":56,"column":null}},"11":{"start":{"line":57,"column":4},"end":{"line":57,"column":null}},"12":{"start":{"line":61,"column":2},"end":{"line":64,"column":null}},"13":{"start":{"line":62,"column":4},"end":{"line":62,"column":null}},"14":{"start":{"line":63,"column":4},"end":{"line":63,"column":null}},"15":{"start":{"line":66,"column":2},"end":{"line":66,"column":null}},"16":{"start":{"line":73,"column":15},"end":{"line":73,"column":null}},"17":{"start":{"line":74,"column":2},"end":{"line":74,"column":null}}},"fnMap":{"0":{"name":"sanitizePromptInput","decl":{"start":{"line":28,"column":16},"end":{"line":28,"column":36}},"loc":{"start":{"line":28,"column":59},"end":{"line":42,"column":null}},"line":28},"1":{"name":"validatePromptOutput","decl":{"start":{"line":48,"column":16},"end":{"line":48,"column":37}},"loc":{"start":{"line":48,"column":89},"end":{"line":67,"column":null}},"line":48},"2":{"name":"wrapUserInput","decl":{"start":{"line":72,"column":16},"end":{"line":72,"column":30}},"loc":{"start":{"line":72,"column":53},"end":{"line":75,"column":null}},"line":72}},"branchMap":{"0":{"loc":{"start":{"line":55,"column":2},"end":{"line":58,"column":null}},"type":"if","locations":[{"start":{"line":55,"column":2},"end":{"line":58,"column":null}},{"start":{},"end":{}}],"line":55},"1":{"loc":{"start":{"line":61,"column":2},"end":{"line":64,"column":null}},"type":"if","locations":[{"start":{"line":61,"column":2},"end":{"line":64,"column":null}},{"start":{},"end":{}}],"line":61}},"s":{"0":6,"1":54,"2":54,"3":432,"4":54,"5":54,"6":17,"7":17,"8":17,"9":17,"10":3,"11":3,"12":17,"13":1,"14":1,"15":17,"16":2,"17":2},"f":{"0":54,"1":17,"2":2},"b":{"0":[3,14],"1":[1,16]},"meta":{"lastBranch":2,"lastFunction":3,"lastStatement":18,"seen":{"s:13:27:22:Infinity":0,"f:28:16:28:36":0,"s:29:18:29:Infinity":1,"s:32:2:34:Infinity":2,"s:33:4:33:Infinity":3,"s:37:2:39:Infinity":4,"s:41:2:41:Infinity":5,"f:48:16:48:37":1,"s:49:13:49:Infinity":6,"s:50:16:50:Infinity":7,"s:54:25:54:Infinity":8,"b:55:2:58:Infinity:undefined:undefined:undefined:undefined":0,"s:55:2:58:Infinity":9,"s:56:4:56:Infinity":10,"s:57:4:57:Infinity":11,"b:61:2:64:Infinity:undefined:undefined:undefined:undefined":1,"s:61:2:64:Infinity":12,"s:62:4:62:Infinity":13,"s:63:4:63:Infinity":14,"s:66:2:66:Infinity":15,"f:72:16:72:30":2,"s:73:15:73:Infinity":16,"s:74:2:74:Infinity":17}}}
,"D:\\Coder\\mimo-radio\\backend\\src\\utils\\sessionToken.ts": {"path":"D:\\Coder\\mimo-radio\\backend\\src\\utils\\sessionToken.ts","statementMap":{"0":{"start":{"line":4,"column":28},"end":{"line":4,"column":null}},"1":{"start":{"line":11,"column":2},"end":{"line":17,"column":null}},"2":{"start":{"line":12,"column":4},"end":{"line":16,"column":null}},"3":{"start":{"line":20,"column":15},"end":{"line":20,"column":null}},"4":{"start":{"line":27,"column":8},"end":{"line":27,"column":null}},"5":{"start":{"line":28,"column":2},"end":{"line":28,"column":null}},"6":{"start":{"line":36,"column":16},"end":{"line":36,"column":null}},"7":{"start":{"line":37,"column":2},"end":{"line":39,"column":null}},"8":{"start":{"line":38,"column":4},"end":{"line":38,"column":null}},"9":{"start":{"line":41,"column":33},"end":{"line":41,"column":null}},"10":{"start":{"line":42,"column":2},"end":{"line":44,"column":null}},"11":{"start":{"line":43,"column":4},"end":{"line":43,"column":null}},"12":{"start":{"line":46,"column":8},"end":{"line":46,"column":null}},"13":{"start":{"line":49,"column":17},"end":{"line":49,"column":null}},"14":{"start":{"line":50,"column":22},"end":{"line":50,"column":null}},"15":{"start":{"line":51,"column":2},"end":{"line":53,"column":null}},"16":{"start":{"line":52,"column":4},"end":{"line":52,"column":null}},"17":{"start":{"line":55,"column":2},"end":{"line":55,"column":null}}},"fnMap":{"0":{"name":"assertSecretConfigured","decl":{"start":{"line":10,"column":16},"end":{"line":10,"column":47}},"loc":{"start":{"line":10,"column":47},"end":{"line":18,"column":null}},"line":10},"1":{"name":"signSession","decl":{"start":{"line":26,"column":16},"end":{"line":26,"column":28}},"loc":{"start":{"line":26,"column":55},"end":{"line":29,"column":null}},"line":26},"2":{"name":"verifySessionToken","decl":{"start":{"line":35,"column":16},"end":{"line":35,"column":35}},"loc":{"start":{"line":35,"column":121},"end":{"line":56,"column":null}},"line":35}},"branchMap":{"0":{"loc":{"start":{"line":11,"column":2},"end":{"line":17,"column":null}},"type":"if","locations":[{"start":{"line":11,"column":2},"end":{"line":17,"column":null}},{"start":{},"end":{}}],"line":11},"1":{"loc":{"start":{"line":11,"column":6},"end":{"line":11,"column":82}},"type":"binary-expr","locations":[{"start":{"line":11,"column":6},"end":{"line":11,"column":41}},{"start":{"line":11,"column":41},"end":{"line":11,"column":66}},{"start":{"line":11,"column":66},"end":{"line":11,"column":82}}],"line":11},"2":{"loc":{"start":{"line":20,"column":15},"end":{"line":20,"column":null}},"type":"binary-expr","locations":[{"start":{"line":20,"column":15},"end":{"line":20,"column":39}},{"start":{"line":20,"column":39},"end":{"line":20,"column":56}},{"start":{"line":20,"column":56},"end":{"line":20,"column":null}}],"line":20},"3":{"loc":{"start":{"line":37,"column":2},"end":{"line":39,"column":null}},"type":"if","locations":[{"start":{"line":37,"column":2},"end":{"line":39,"column":null}},{"start":{},"end":{}}],"line":37},"4":{"loc":{"start":{"line":42,"column":2},"end":{"line":44,"column":null}},"type":"if","locations":[{"start":{"line":42,"column":2},"end":{"line":44,"column":null}},{"start":{},"end":{}}],"line":42},"5":{"loc":{"start":{"line":42,"column":6},"end":{"line":42,"column":32}},"type":"binary-expr","locations":[{"start":{"line":42,"column":6},"end":{"line":42,"column":20}},{"start":{"line":42,"column":20},"end":{"line":42,"column":32}}],"line":42},"6":{"loc":{"start":{"line":51,"column":2},"end":{"line":53,"column":null}},"type":"if","locations":[{"start":{"line":51,"column":2},"end":{"line":53,"column":null}},{"start":{},"end":{}}],"line":51},"7":{"loc":{"start":{"line":51,"column":6},"end":{"line":51,"column":85}},"type":"binary-expr","locations":[{"start":{"line":51,"column":6},"end":{"line":51,"column":46}},{"start":{"line":51,"column":46},"end":{"line":51,"column":85}}],"line":51}},"s":{"0":4,"1":0,"2":0,"3":4,"4":18,"5":18,"6":34,"7":34,"8":3,"9":31,"10":31,"11":2,"12":29,"13":29,"14":29,"15":29,"16":3,"17":26},"f":{"0":0,"1":18,"2":34},"b":{"0":[0,0],"1":[0,0,0],"2":[4,4,4],"3":[3,31],"4":[2,29],"5":[31,30],"6":[3,26],"7":[29,27]},"meta":{"lastBranch":8,"lastFunction":3,"lastStatement":18,"seen":{"s:4:28:4:Infinity":0,"f:10:16:10:47":0,"b:11:2:17:Infinity:undefined:undefined:undefined:undefined":0,"s:11:2:17:Infinity":1,"b:11:6:11:41:11:41:11:66:11:66:11:82":1,"s:12:4:16:Infinity":2,"s:20:15:20:Infinity":3,"b:20:15:20:39:20:39:20:56:20:56:20:Infinity":2,"f:26:16:26:28":1,"s:27:8:27:Infinity":4,"s:28:2:28:Infinity":5,"f:35:16:35:35":2,"s:36:16:36:Infinity":6,"b:37:2:39:Infinity:undefined:undefined:undefined:undefined":3,"s:37:2:39:Infinity":7,"s:38:4:38:Infinity":8,"s:41:33:41:Infinity":9,"b:42:2:44:Infinity:undefined:undefined:undefined:undefined":4,"s:42:2:44:Infinity":10,"b:42:6:42:20:42:20:42:32":5,"s:43:4:43:Infinity":11,"s:46:8:46:Infinity":12,"s:49:17:49:Infinity":13,"s:50:22:50:Infinity":14,"b:51:2:53:Infinity:undefined:undefined:undefined:undefined":6,"s:51:2:53:Infinity":15,"b:51:6:51:46:51:46:51:85":7,"s:52:4:52:Infinity":16,"s:55:2:55:Infinity":17}}}
,"D:\\Coder\\mimo-radio\\backend\\src\\utils\\ssrfGuard.ts": {"path":"D:\\Coder\\mimo-radio\\backend\\src\\utils\\ssrfGuard.ts","statementMap":{"0":{"start":{"line":3,"column":28},"end":{"line":13,"column":null}},"1":{"start":{"line":21,"column":2},"end":{"line":25,"column":null}},"2":{"start":{"line":22,"column":4},"end":{"line":22,"column":null}},"3":{"start":{"line":24,"column":4},"end":{"line":24,"column":null}},"4":{"start":{"line":28,"column":2},"end":{"line":30,"column":null}},"5":{"start":{"line":29,"column":4},"end":{"line":29,"column":null}},"6":{"start":{"line":33,"column":19},"end":{"line":33,"column":null}},"7":{"start":{"line":36,"column":2},"end":{"line":38,"column":null}},"8":{"start":{"line":37,"column":4},"end":{"line":37,"column":null}},"9":{"start":{"line":41,"column":2},"end":{"line":45,"column":null}},"10":{"start":{"line":42,"column":4},"end":{"line":44,"column":null}},"11":{"start":{"line":43,"column":6},"end":{"line":43,"column":null}},"12":{"start":{"line":47,"column":2},"end":{"line":47,"column":null}}},"fnMap":{"0":{"name":"isSafeUrl","decl":{"start":{"line":19,"column":16},"end":{"line":19,"column":26}},"loc":{"start":{"line":19,"column":95},"end":{"line":48,"column":null}},"line":19}},"branchMap":{"0":{"loc":{"start":{"line":28,"column":2},"end":{"line":30,"column":null}},"type":"if","locations":[{"start":{"line":28,"column":2},"end":{"line":30,"column":null}},{"start":{},"end":{}}],"line":28},"1":{"loc":{"start":{"line":28,"column":6},"end":{"line":28,"column":67}},"type":"binary-expr","locations":[{"start":{"line":28,"column":6},"end":{"line":28,"column":37}},{"start":{"line":28,"column":37},"end":{"line":28,"column":67}}],"line":28},"2":{"loc":{"start":{"line":36,"column":2},"end":{"line":38,"column":null}},"type":"if","locations":[{"start":{"line":36,"column":2},"end":{"line":38,"column":null}},{"start":{},"end":{}}],"line":36},"3":{"loc":{"start":{"line":36,"column":6},"end":{"line":36,"column":67}},"type":"binary-expr","locations":[{"start":{"line":36,"column":6},"end":{"line":36,"column":34}},{"start":{"line":36,"column":34},"end":{"line":36,"column":67}}],"line":36},"4":{"loc":{"start":{"line":42,"column":4},"end":{"line":44,"column":null}},"type":"if","locations":[{"start":{"line":42,"column":4},"end":{"line":44,"column":null}},{"start":{},"end":{}}],"line":42}},"s":{"0":1,"1":21,"2":21,"3":2,"4":19,"5":4,"6":15,"7":15,"8":2,"9":13,"10":78,"11":7,"12":6},"f":{"0":21},"b":{"0":[4,15],"1":[19,7],"2":[2,13],"3":[15,14],"4":[7,71]},"meta":{"lastBranch":5,"lastFunction":1,"lastStatement":13,"seen":{"s:3:28:13:Infinity":0,"f:19:16:19:26":0,"s:21:2:25:Infinity":1,"s:22:4:22:Infinity":2,"s:24:4:24:Infinity":3,"b:28:2:30:Infinity:undefined:undefined:undefined:undefined":0,"s:28:2:30:Infinity":4,"b:28:6:28:37:28:37:28:67":1,"s:29:4:29:Infinity":5,"s:33:19:33:Infinity":6,"b:36:2:38:Infinity:undefined:undefined:undefined:undefined":2,"s:36:2:38:Infinity":7,"b:36:6:36:34:36:34:36:67":3,"s:37:4:37:Infinity":8,"s:41:2:45:Infinity":9,"b:42:4:44:Infinity:undefined:undefined:undefined:undefined":4,"s:42:4:44:Infinity":10,"s:43:6:43:Infinity":11,"s:47:2:47:Infinity":12}}}
}
